{"C:\\Users\\maria.bohorquez\\Documents\\ADN\\api-restaurant-app\\node-nestjs-arquitectura-hexagonal\\src\\aplicacion\\cliente\\comando\\registar-cliente.manejador.ts": {"path":"C:\\Users\\maria.bohorquez\\Documents\\ADN\\api-restaurant-app\\node-nestjs-arquitectura-hexagonal\\src\\aplicacion\\cliente\\comando\\registar-cliente.manejador.ts","statementMap":{"0":{"start":{"line":1,"column":0},"end":{"line":1,"column":44}},"1":{"start":{"line":2,"column":0},"end":{"line":2,"column":99}},"2":{"start":{"line":4,"column":0},"end":{"line":4,"column":61}},"3":{"start":{"line":7,"column":0},"end":{"line":22,"column":null}},"4":{"start":{"line":8,"column":22},"end":{"line":8,"column":49}},"5":{"start":{"line":11,"column":4},"end":{"line":20,"column":6}},"6":{"start":{"line":7,"column":13},"end":{"line":22,"column":null}},"7":{"start":{"line":7,"column":13},"end":{"line":7,"column":38}}},"fnMap":{"0":{"name":"(anonymous_2)","decl":{"start":{"line":8,"column":2},"end":{"line":8,"column":22}},"loc":{"start":{"line":8,"column":73},"end":{"line":8,"column":77}}},"1":{"name":"(anonymous_3)","decl":{"start":{"line":10,"column":2},"end":{"line":10,"column":7}},"loc":{"start":{"line":10,"column":65},"end":{"line":21,"column":3}}}},"branchMap":{},"s":{"0":1,"1":1,"2":1,"3":1,"4":1,"5":2,"6":1,"7":1},"f":{"0":1,"1":2},"b":{}}
,"C:\\Users\\maria.bohorquez\\Documents\\ADN\\api-restaurant-app\\node-nestjs-arquitectura-hexagonal\\src\\aplicacion\\cliente\\comando\\registrar-cliente.comando.ts": {"path":"C:\\Users\\maria.bohorquez\\Documents\\ADN\\api-restaurant-app\\node-nestjs-arquitectura-hexagonal\\src\\aplicacion\\cliente\\comando\\registrar-cliente.comando.ts","statementMap":{"0":{"start":{"line":1,"column":0},"end":{"line":1,"column":64}},"1":{"start":{"line":2,"column":0},"end":{"line":2,"column":46}},"2":{"start":{"line":8,"column":2},"end":{"line":8,"column":null}},"3":{"start":{"line":12,"column":2},"end":{"line":12,"column":null}},"4":{"start":{"line":16,"column":2},"end":{"line":16,"column":null}},"5":{"start":{"line":20,"column":2},"end":{"line":20,"column":null}},"6":{"start":{"line":24,"column":2},"end":{"line":24,"column":null}},"7":{"start":{"line":28,"column":2},"end":{"line":28,"column":null}},"8":{"start":{"line":5,"column":0},"end":{"line":5,"column":13}}},"fnMap":{},"branchMap":{},"s":{"0":1,"1":1,"2":1,"3":1,"4":1,"5":1,"6":1,"7":1,"8":1},"f":{},"b":{}}
,"C:\\Users\\maria.bohorquez\\Documents\\ADN\\api-restaurant-app\\node-nestjs-arquitectura-hexagonal\\src\\aplicacion\\cliente\\consulta\\listar-clientes.manejador.ts": {"path":"C:\\Users\\maria.bohorquez\\Documents\\ADN\\api-restaurant-app\\node-nestjs-arquitectura-hexagonal\\src\\aplicacion\\cliente\\consulta\\listar-clientes.manejador.ts","statementMap":{"0":{"start":{"line":1,"column":0},"end":{"line":1,"column":44}},"1":{"start":{"line":3,"column":0},"end":{"line":3,"column":72}},"2":{"start":{"line":7,"column":0},"end":{"line":13,"column":null}},"3":{"start":{"line":8,"column":22},"end":{"line":8,"column":35}},"4":{"start":{"line":11,"column":4},"end":{"line":11,"column":39}},"5":{"start":{"line":7,"column":13},"end":{"line":13,"column":null}},"6":{"start":{"line":7,"column":13},"end":{"line":7,"column":35}}},"fnMap":{"0":{"name":"(anonymous_2)","decl":{"start":{"line":8,"column":2},"end":{"line":8,"column":22}},"loc":{"start":{"line":8,"column":45},"end":{"line":8,"column":49}}},"1":{"name":"(anonymous_3)","decl":{"start":{"line":10,"column":2},"end":{"line":10,"column":7}},"loc":{"start":{"line":10,"column":25},"end":{"line":12,"column":3}}}},"branchMap":{},"s":{"0":1,"1":1,"2":1,"3":1,"4":1,"5":1,"6":1},"f":{"0":1,"1":1},"b":{}}
,"C:\\Users\\maria.bohorquez\\Documents\\ADN\\api-restaurant-app\\node-nestjs-arquitectura-hexagonal\\src\\aplicacion\\cliente\\consulta\\dto\\cliente.dto.ts": {"path":"C:\\Users\\maria.bohorquez\\Documents\\ADN\\api-restaurant-app\\node-nestjs-arquitectura-hexagonal\\src\\aplicacion\\cliente\\consulta\\dto\\cliente.dto.ts","statementMap":{"0":{"start":{"line":1,"column":0},"end":{"line":1,"column":46}},"1":{"start":{"line":6,"column":2},"end":{"line":6,"column":null}},"2":{"start":{"line":9,"column":2},"end":{"line":9,"column":null}},"3":{"start":{"line":12,"column":2},"end":{"line":12,"column":null}},"4":{"start":{"line":15,"column":2},"end":{"line":15,"column":null}},"5":{"start":{"line":3,"column":0},"end":{"line":3,"column":13}}},"fnMap":{},"branchMap":{},"s":{"0":2,"1":2,"2":2,"3":2,"4":2,"5":2},"f":{},"b":{}}
,"C:\\Users\\maria.bohorquez\\Documents\\ADN\\api-restaurant-app\\node-nestjs-arquitectura-hexagonal\\src\\aplicacion\\pedido-producto\\comando\\registar-pedido-producto.manejador.ts": {"path":"C:\\Users\\maria.bohorquez\\Documents\\ADN\\api-restaurant-app\\node-nestjs-arquitectura-hexagonal\\src\\aplicacion\\pedido-producto\\comando\\registar-pedido-producto.manejador.ts","statementMap":{"0":{"start":{"line":1,"column":0},"end":{"line":1,"column":44}},"1":{"start":{"line":2,"column":0},"end":{"line":2,"column":122}},"2":{"start":{"line":4,"column":0},"end":{"line":4,"column":84}},"3":{"start":{"line":7,"column":0},"end":{"line":25,"column":null}},"4":{"start":{"line":8,"column":22},"end":{"line":8,"column":56}},"5":{"start":{"line":11,"column":4},"end":{"line":19,"column":6}},"6":{"start":{"line":23,"column":4},"end":{"line":23,"column":61}},"7":{"start":{"line":7,"column":13},"end":{"line":25,"column":null}},"8":{"start":{"line":7,"column":13},"end":{"line":7,"column":45}}},"fnMap":{"0":{"name":"(anonymous_2)","decl":{"start":{"line":8,"column":2},"end":{"line":8,"column":22}},"loc":{"start":{"line":8,"column":87},"end":{"line":8,"column":91}}},"1":{"name":"(anonymous_3)","decl":{"start":{"line":10,"column":2},"end":{"line":10,"column":7}},"loc":{"start":{"line":10,"column":79},"end":{"line":20,"column":3}}},"2":{"name":"(anonymous_4)","decl":{"start":{"line":22,"column":2},"end":{"line":22,"column":7}},"loc":{"start":{"line":22,"column":27},"end":{"line":24,"column":3}}}},"branchMap":{},"s":{"0":1,"1":1,"2":1,"3":1,"4":1,"5":2,"6":1,"7":1,"8":1},"f":{"0":1,"1":2,"2":1},"b":{}}
,"C:\\Users\\maria.bohorquez\\Documents\\ADN\\api-restaurant-app\\node-nestjs-arquitectura-hexagonal\\src\\aplicacion\\pedido-producto\\comando\\registrar-pedido-producto.comando.ts": {"path":"C:\\Users\\maria.bohorquez\\Documents\\ADN\\api-restaurant-app\\node-nestjs-arquitectura-hexagonal\\src\\aplicacion\\pedido-producto\\comando\\registrar-pedido-producto.comando.ts","statementMap":{"0":{"start":{"line":1,"column":0},"end":{"line":1,"column":53}},"1":{"start":{"line":2,"column":0},"end":{"line":2,"column":46}},"2":{"start":{"line":7,"column":2},"end":{"line":7,"column":null}},"3":{"start":{"line":11,"column":2},"end":{"line":11,"column":null}},"4":{"start":{"line":15,"column":2},"end":{"line":15,"column":null}},"5":{"start":{"line":19,"column":2},"end":{"line":19,"column":null}},"6":{"start":{"line":23,"column":2},"end":{"line":23,"column":null}},"7":{"start":{"line":4,"column":0},"end":{"line":4,"column":13}}},"fnMap":{},"branchMap":{},"s":{"0":1,"1":1,"2":1,"3":1,"4":1,"5":1,"6":1,"7":1},"f":{},"b":{}}
,"C:\\Users\\maria.bohorquez\\Documents\\ADN\\api-restaurant-app\\node-nestjs-arquitectura-hexagonal\\src\\aplicacion\\pedido-producto\\consulta\\listar-pedido-productos.manejador.ts": {"path":"C:\\Users\\maria.bohorquez\\Documents\\ADN\\api-restaurant-app\\node-nestjs-arquitectura-hexagonal\\src\\aplicacion\\pedido-producto\\consulta\\listar-pedido-productos.manejador.ts","statementMap":{"0":{"start":{"line":1,"column":0},"end":{"line":1,"column":44}},"1":{"start":{"line":3,"column":0},"end":{"line":3,"column":95}},"2":{"start":{"line":7,"column":0},"end":{"line":17,"column":null}},"3":{"start":{"line":8,"column":22},"end":{"line":8,"column":42}},"4":{"start":{"line":11,"column":4},"end":{"line":11,"column":44}},"5":{"start":{"line":15,"column":4},"end":{"line":15,"column":46}},"6":{"start":{"line":7,"column":13},"end":{"line":17,"column":null}},"7":{"start":{"line":7,"column":13},"end":{"line":7,"column":42}}},"fnMap":{"0":{"name":"(anonymous_2)","decl":{"start":{"line":8,"column":2},"end":{"line":8,"column":22}},"loc":{"start":{"line":8,"column":59},"end":{"line":8,"column":63}}},"1":{"name":"(anonymous_3)","decl":{"start":{"line":10,"column":2},"end":{"line":10,"column":7}},"loc":{"start":{"line":10,"column":16},"end":{"line":12,"column":3}}},"2":{"name":"(anonymous_4)","decl":{"start":{"line":14,"column":2},"end":{"line":14,"column":7}},"loc":{"start":{"line":14,"column":25},"end":{"line":16,"column":3}}}},"branchMap":{},"s":{"0":1,"1":1,"2":1,"3":1,"4":0,"5":0,"6":1,"7":1},"f":{"0":1,"1":0,"2":0},"b":{}}
,"C:\\Users\\maria.bohorquez\\Documents\\ADN\\api-restaurant-app\\node-nestjs-arquitectura-hexagonal\\src\\aplicacion\\pedido\\comando\\registar-pedido.manejador.ts": {"path":"C:\\Users\\maria.bohorquez\\Documents\\ADN\\api-restaurant-app\\node-nestjs-arquitectura-hexagonal\\src\\aplicacion\\pedido\\comando\\registar-pedido.manejador.ts","statementMap":{"0":{"start":{"line":1,"column":0},"end":{"line":1,"column":44}},"1":{"start":{"line":2,"column":0},"end":{"line":2,"column":96}},"2":{"start":{"line":4,"column":0},"end":{"line":4,"column":58}},"3":{"start":{"line":7,"column":0},"end":{"line":34,"column":null}},"4":{"start":{"line":8,"column":22},"end":{"line":8,"column":48}},"5":{"start":{"line":13,"column":19},"end":{"line":18,"column":null}},"6":{"start":{"line":20,"column":4},"end":{"line":20,"column":64}},"7":{"start":{"line":27,"column":4},"end":{"line":32,"column":6}},"8":{"start":{"line":7,"column":13},"end":{"line":34,"column":null}},"9":{"start":{"line":7,"column":13},"end":{"line":7,"column":37}}},"fnMap":{"0":{"name":"(anonymous_2)","decl":{"start":{"line":8,"column":2},"end":{"line":8,"column":22}},"loc":{"start":{"line":8,"column":71},"end":{"line":8,"column":75}}},"1":{"name":"(anonymous_3)","decl":{"start":{"line":10,"column":2},"end":{"line":10,"column":7}},"loc":{"start":{"line":11,"column":50},"end":{"line":21,"column":3}}},"2":{"name":"(anonymous_4)","decl":{"start":{"line":23,"column":2},"end":{"line":23,"column":7}},"loc":{"start":{"line":25,"column":50},"end":{"line":33,"column":3}}}},"branchMap":{},"s":{"0":1,"1":1,"2":1,"3":1,"4":1,"5":1,"6":1,"7":1,"8":1,"9":1},"f":{"0":1,"1":1,"2":1},"b":{}}
,"C:\\Users\\maria.bohorquez\\Documents\\ADN\\api-restaurant-app\\node-nestjs-arquitectura-hexagonal\\src\\aplicacion\\pedido\\comando\\registrar-pedido.comando.ts": {"path":"C:\\Users\\maria.bohorquez\\Documents\\ADN\\api-restaurant-app\\node-nestjs-arquitectura-hexagonal\\src\\aplicacion\\pedido\\comando\\registrar-pedido.comando.ts","statementMap":{"0":{"start":{"line":1,"column":0},"end":{"line":1,"column":75}},"1":{"start":{"line":2,"column":0},"end":{"line":2,"column":46}},"2":{"start":{"line":8,"column":2},"end":{"line":8,"column":null}},"3":{"start":{"line":12,"column":2},"end":{"line":12,"column":null}},"4":{"start":{"line":16,"column":2},"end":{"line":16,"column":null}},"5":{"start":{"line":20,"column":2},"end":{"line":20,"column":null}},"6":{"start":{"line":24,"column":2},"end":{"line":24,"column":null}},"7":{"start":{"line":5,"column":0},"end":{"line":5,"column":13}}},"fnMap":{},"branchMap":{},"s":{"0":1,"1":1,"2":1,"3":1,"4":1,"5":1,"6":1,"7":1},"f":{},"b":{}}
,"C:\\Users\\maria.bohorquez\\Documents\\ADN\\api-restaurant-app\\node-nestjs-arquitectura-hexagonal\\src\\aplicacion\\pedido\\consulta\\listar-pedidos.manejador.ts": {"path":"C:\\Users\\maria.bohorquez\\Documents\\ADN\\api-restaurant-app\\node-nestjs-arquitectura-hexagonal\\src\\aplicacion\\pedido\\consulta\\listar-pedidos.manejador.ts","statementMap":{"0":{"start":{"line":1,"column":0},"end":{"line":1,"column":44}},"1":{"start":{"line":3,"column":0},"end":{"line":3,"column":69}},"2":{"start":{"line":7,"column":0},"end":{"line":17,"column":null}},"3":{"start":{"line":8,"column":22},"end":{"line":8,"column":34}},"4":{"start":{"line":11,"column":4},"end":{"line":11,"column":36}},"5":{"start":{"line":15,"column":4},"end":{"line":15,"column":38}},"6":{"start":{"line":7,"column":13},"end":{"line":17,"column":null}},"7":{"start":{"line":7,"column":13},"end":{"line":7,"column":34}}},"fnMap":{"0":{"name":"(anonymous_2)","decl":{"start":{"line":8,"column":2},"end":{"line":8,"column":22}},"loc":{"start":{"line":8,"column":43},"end":{"line":8,"column":47}}},"1":{"name":"(anonymous_3)","decl":{"start":{"line":10,"column":2},"end":{"line":10,"column":7}},"loc":{"start":{"line":10,"column":16},"end":{"line":12,"column":3}}},"2":{"name":"(anonymous_4)","decl":{"start":{"line":14,"column":2},"end":{"line":14,"column":7}},"loc":{"start":{"line":14,"column":25},"end":{"line":16,"column":3}}}},"branchMap":{},"s":{"0":1,"1":1,"2":1,"3":1,"4":0,"5":4,"6":1,"7":1},"f":{"0":1,"1":0,"2":4},"b":{}}
,"C:\\Users\\maria.bohorquez\\Documents\\ADN\\api-restaurant-app\\node-nestjs-arquitectura-hexagonal\\src\\aplicacion\\pedido\\consulta\\dto\\pedido.dto.ts": {"path":"C:\\Users\\maria.bohorquez\\Documents\\ADN\\api-restaurant-app\\node-nestjs-arquitectura-hexagonal\\src\\aplicacion\\pedido\\consulta\\dto\\pedido.dto.ts","statementMap":{"0":{"start":{"line":1,"column":0},"end":{"line":1,"column":46}},"1":{"start":{"line":2,"column":0},"end":{"line":2,"column":77}},"2":{"start":{"line":7,"column":2},"end":{"line":7,"column":null}},"3":{"start":{"line":10,"column":2},"end":{"line":10,"column":null}},"4":{"start":{"line":13,"column":2},"end":{"line":13,"column":null}},"5":{"start":{"line":16,"column":2},"end":{"line":16,"column":null}},"6":{"start":{"line":4,"column":0},"end":{"line":4,"column":13}}},"fnMap":{},"branchMap":{},"s":{"0":1,"1":1,"2":1,"3":1,"4":1,"5":1,"6":1},"f":{},"b":{}}
,"C:\\Users\\maria.bohorquez\\Documents\\ADN\\api-restaurant-app\\node-nestjs-arquitectura-hexagonal\\src\\aplicacion\\producto\\comando\\registar-producto.manejador.ts": {"path":"C:\\Users\\maria.bohorquez\\Documents\\ADN\\api-restaurant-app\\node-nestjs-arquitectura-hexagonal\\src\\aplicacion\\producto\\comando\\registar-producto.manejador.ts","statementMap":{"0":{"start":{"line":1,"column":0},"end":{"line":1,"column":44}},"1":{"start":{"line":2,"column":0},"end":{"line":2,"column":102}},"2":{"start":{"line":4,"column":0},"end":{"line":4,"column":64}},"3":{"start":{"line":7,"column":0},"end":{"line":21,"column":null}},"4":{"start":{"line":8,"column":22},"end":{"line":8,"column":50}},"5":{"start":{"line":11,"column":4},"end":{"line":19,"column":6}},"6":{"start":{"line":7,"column":13},"end":{"line":21,"column":null}},"7":{"start":{"line":7,"column":13},"end":{"line":7,"column":39}}},"fnMap":{"0":{"name":"(anonymous_2)","decl":{"start":{"line":8,"column":2},"end":{"line":8,"column":22}},"loc":{"start":{"line":8,"column":75},"end":{"line":8,"column":79}}},"1":{"name":"(anonymous_3)","decl":{"start":{"line":10,"column":2},"end":{"line":10,"column":7}},"loc":{"start":{"line":10,"column":67},"end":{"line":20,"column":3}}}},"branchMap":{},"s":{"0":1,"1":1,"2":1,"3":1,"4":1,"5":0,"6":1,"7":1},"f":{"0":1,"1":0},"b":{}}
,"C:\\Users\\maria.bohorquez\\Documents\\ADN\\api-restaurant-app\\node-nestjs-arquitectura-hexagonal\\src\\aplicacion\\producto\\consulta\\list-producto.manejador.ts": {"path":"C:\\Users\\maria.bohorquez\\Documents\\ADN\\api-restaurant-app\\node-nestjs-arquitectura-hexagonal\\src\\aplicacion\\producto\\consulta\\list-producto.manejador.ts","statementMap":{"0":{"start":{"line":1,"column":0},"end":{"line":1,"column":44}},"1":{"start":{"line":3,"column":0},"end":{"line":3,"column":75}},"2":{"start":{"line":7,"column":0},"end":{"line":17,"column":null}},"3":{"start":{"line":8,"column":22},"end":{"line":8,"column":36}},"4":{"start":{"line":11,"column":4},"end":{"line":11,"column":38}},"5":{"start":{"line":15,"column":4},"end":{"line":15,"column":55}},"6":{"start":{"line":7,"column":13},"end":{"line":17,"column":null}},"7":{"start":{"line":7,"column":13},"end":{"line":7,"column":36}}},"fnMap":{"0":{"name":"(anonymous_2)","decl":{"start":{"line":8,"column":2},"end":{"line":8,"column":22}},"loc":{"start":{"line":8,"column":47},"end":{"line":8,"column":51}}},"1":{"name":"(anonymous_3)","decl":{"start":{"line":10,"column":2},"end":{"line":10,"column":7}},"loc":{"start":{"line":10,"column":16},"end":{"line":12,"column":3}}},"2":{"name":"(anonymous_4)","decl":{"start":{"line":14,"column":2},"end":{"line":14,"column":7}},"loc":{"start":{"line":14,"column":31},"end":{"line":16,"column":3}}}},"branchMap":{},"s":{"0":1,"1":1,"2":1,"3":1,"4":1,"5":1,"6":1,"7":1},"f":{"0":1,"1":1,"2":1},"b":{}}
,"C:\\Users\\maria.bohorquez\\Documents\\ADN\\api-restaurant-app\\node-nestjs-arquitectura-hexagonal\\src\\aplicacion\\usuario\\comando\\registar-usuario.manejador.ts": {"path":"C:\\Users\\maria.bohorquez\\Documents\\ADN\\api-restaurant-app\\node-nestjs-arquitectura-hexagonal\\src\\aplicacion\\usuario\\comando\\registar-usuario.manejador.ts","statementMap":{"0":{"start":{"line":1,"column":0},"end":{"line":1,"column":44}},"1":{"start":{"line":2,"column":0},"end":{"line":2,"column":99}},"2":{"start":{"line":4,"column":0},"end":{"line":4,"column":61}},"3":{"start":{"line":7,"column":0},"end":{"line":19,"column":null}},"4":{"start":{"line":8,"column":22},"end":{"line":8,"column":49}},"5":{"start":{"line":11,"column":4},"end":{"line":17,"column":6}},"6":{"start":{"line":7,"column":13},"end":{"line":19,"column":null}},"7":{"start":{"line":7,"column":13},"end":{"line":7,"column":38}}},"fnMap":{"0":{"name":"(anonymous_2)","decl":{"start":{"line":8,"column":2},"end":{"line":8,"column":22}},"loc":{"start":{"line":8,"column":73},"end":{"line":8,"column":77}}},"1":{"name":"(anonymous_3)","decl":{"start":{"line":10,"column":2},"end":{"line":10,"column":7}},"loc":{"start":{"line":10,"column":65},"end":{"line":18,"column":3}}}},"branchMap":{},"s":{"0":1,"1":1,"2":1,"3":1,"4":1,"5":2,"6":1,"7":1},"f":{"0":1,"1":2},"b":{}}
,"C:\\Users\\maria.bohorquez\\Documents\\ADN\\api-restaurant-app\\node-nestjs-arquitectura-hexagonal\\src\\aplicacion\\usuario\\comando\\registrar-usuario.comando.ts": {"path":"C:\\Users\\maria.bohorquez\\Documents\\ADN\\api-restaurant-app\\node-nestjs-arquitectura-hexagonal\\src\\aplicacion\\usuario\\comando\\registrar-usuario.comando.ts","statementMap":{"0":{"start":{"line":1,"column":0},"end":{"line":1,"column":57}},"1":{"start":{"line":2,"column":0},"end":{"line":2,"column":46}},"2":{"start":{"line":7,"column":2},"end":{"line":7,"column":null}},"3":{"start":{"line":11,"column":2},"end":{"line":11,"column":null}},"4":{"start":{"line":15,"column":2},"end":{"line":15,"column":null}},"5":{"start":{"line":4,"column":0},"end":{"line":4,"column":13}}},"fnMap":{},"branchMap":{},"s":{"0":1,"1":1,"2":1,"3":1,"4":1,"5":1},"f":{},"b":{}}
,"C:\\Users\\maria.bohorquez\\Documents\\ADN\\api-restaurant-app\\node-nestjs-arquitectura-hexagonal\\src\\aplicacion\\usuario\\consulta\\listar-usuarios.manejador.ts": {"path":"C:\\Users\\maria.bohorquez\\Documents\\ADN\\api-restaurant-app\\node-nestjs-arquitectura-hexagonal\\src\\aplicacion\\usuario\\consulta\\listar-usuarios.manejador.ts","statementMap":{"0":{"start":{"line":1,"column":0},"end":{"line":1,"column":44}},"1":{"start":{"line":3,"column":0},"end":{"line":3,"column":72}},"2":{"start":{"line":7,"column":0},"end":{"line":13,"column":null}},"3":{"start":{"line":8,"column":22},"end":{"line":8,"column":35}},"4":{"start":{"line":11,"column":4},"end":{"line":11,"column":37}},"5":{"start":{"line":7,"column":13},"end":{"line":13,"column":null}},"6":{"start":{"line":7,"column":13},"end":{"line":7,"column":35}}},"fnMap":{"0":{"name":"(anonymous_2)","decl":{"start":{"line":8,"column":2},"end":{"line":8,"column":22}},"loc":{"start":{"line":8,"column":45},"end":{"line":8,"column":49}}},"1":{"name":"(anonymous_3)","decl":{"start":{"line":10,"column":2},"end":{"line":10,"column":7}},"loc":{"start":{"line":10,"column":16},"end":{"line":12,"column":3}}}},"branchMap":{},"s":{"0":1,"1":1,"2":1,"3":1,"4":1,"5":1,"6":1},"f":{"0":1,"1":1},"b":{}}
,"C:\\Users\\maria.bohorquez\\Documents\\ADN\\api-restaurant-app\\node-nestjs-arquitectura-hexagonal\\src\\dominio\\cliente\\modelo\\cliente.ts": {"path":"C:\\Users\\maria.bohorquez\\Documents\\ADN\\api-restaurant-app\\node-nestjs-arquitectura-hexagonal\\src\\dominio\\cliente\\modelo\\cliente.ts","statementMap":{"0":{"start":{"line":4,"column":2},"end":{"line":4,"column":27}},"1":{"start":{"line":5,"column":2},"end":{"line":5,"column":35}},"2":{"start":{"line":6,"column":2},"end":{"line":6,"column":29}},"3":{"start":{"line":7,"column":2},"end":{"line":7,"column":26}},"4":{"start":{"line":8,"column":2},"end":{"line":8,"column":27}},"5":{"start":{"line":9,"column":2},"end":{"line":9,"column":30}},"6":{"start":{"line":12,"column":4},"end":{"line":12,"column":26}},"7":{"start":{"line":13,"column":4},"end":{"line":13,"column":42}},"8":{"start":{"line":14,"column":4},"end":{"line":14,"column":30}},"9":{"start":{"line":15,"column":4},"end":{"line":15,"column":24}},"10":{"start":{"line":16,"column":4},"end":{"line":16,"column":26}},"11":{"start":{"line":17,"column":4},"end":{"line":17,"column":null}},"12":{"start":{"line":21,"column":4},"end":{"line":21,"column":24}},"13":{"start":{"line":25,"column":4},"end":{"line":25,"column":32}},"14":{"start":{"line":29,"column":4},"end":{"line":29,"column":26}},"15":{"start":{"line":33,"column":4},"end":{"line":33,"column":23}},"16":{"start":{"line":37,"column":4},"end":{"line":37,"column":24}},"17":{"start":{"line":41,"column":4},"end":{"line":41,"column":25}},"18":{"start":{"line":3,"column":0},"end":{"line":3,"column":13}}},"fnMap":{"0":{"name":"(anonymous_2)","decl":{"start":{"line":11,"column":2},"end":{"line":11,"column":14}},"loc":{"start":{"line":11,"column":120},"end":{"line":18,"column":3}}},"1":{"name":"(anonymous_3)","decl":{"start":{"line":20,"column":2},"end":{"line":20,"column":6}},"loc":{"start":{"line":20,"column":12},"end":{"line":22,"column":3}}},"2":{"name":"(anonymous_4)","decl":{"start":{"line":24,"column":2},"end":{"line":24,"column":6}},"loc":{"start":{"line":24,"column":20},"end":{"line":26,"column":3}}},"3":{"name":"(anonymous_5)","decl":{"start":{"line":28,"column":2},"end":{"line":28,"column":6}},"loc":{"start":{"line":28,"column":14},"end":{"line":30,"column":3}}},"4":{"name":"(anonymous_6)","decl":{"start":{"line":32,"column":2},"end":{"line":32,"column":6}},"loc":{"start":{"line":32,"column":11},"end":{"line":34,"column":3}}},"5":{"name":"(anonymous_7)","decl":{"start":{"line":36,"column":2},"end":{"line":36,"column":6}},"loc":{"start":{"line":36,"column":12},"end":{"line":38,"column":3}}},"6":{"name":"(anonymous_8)","decl":{"start":{"line":40,"column":2},"end":{"line":40,"column":6}},"loc":{"start":{"line":40,"column":13},"end":{"line":42,"column":3}}}},"branchMap":{},"s":{"0":5,"1":5,"2":5,"3":5,"4":5,"5":5,"6":5,"7":5,"8":5,"9":5,"10":5,"11":5,"12":3,"13":5,"14":1,"15":1,"16":1,"17":1,"18":3},"f":{"0":5,"1":3,"2":5,"3":1,"4":1,"5":1,"6":1},"b":{}}
,"C:\\Users\\maria.bohorquez\\Documents\\ADN\\api-restaurant-app\\node-nestjs-arquitectura-hexagonal\\src\\dominio\\cliente\\puerto\\dao\\dao-cliente.ts": {"path":"C:\\Users\\maria.bohorquez\\Documents\\ADN\\api-restaurant-app\\node-nestjs-arquitectura-hexagonal\\src\\dominio\\cliente\\puerto\\dao\\dao-cliente.ts","statementMap":{"0":{"start":{"line":3,"column":0},"end":{"line":3,"column":22}}},"fnMap":{},"branchMap":{},"s":{"0":1},"f":{},"b":{}}
,"C:\\Users\\maria.bohorquez\\Documents\\ADN\\api-restaurant-app\\node-nestjs-arquitectura-hexagonal\\src\\dominio\\cliente\\puerto\\repositorio\\repositorio-cliente.ts": {"path":"C:\\Users\\maria.bohorquez\\Documents\\ADN\\api-restaurant-app\\node-nestjs-arquitectura-hexagonal\\src\\dominio\\cliente\\puerto\\repositorio\\repositorio-cliente.ts","statementMap":{"0":{"start":{"line":3,"column":0},"end":{"line":3,"column":22}}},"fnMap":{},"branchMap":{},"s":{"0":1},"f":{},"b":{}}
,"C:\\Users\\maria.bohorquez\\Documents\\ADN\\api-restaurant-app\\node-nestjs-arquitectura-hexagonal\\src\\dominio\\cliente\\servicio\\servicio-registrar-cliente.ts": {"path":"C:\\Users\\maria.bohorquez\\Documents\\ADN\\api-restaurant-app\\node-nestjs-arquitectura-hexagonal\\src\\dominio\\cliente\\servicio\\servicio-registrar-cliente.ts","statementMap":{"0":{"start":{"line":3,"column":0},"end":{"line":3,"column":70}},"1":{"start":{"line":7,"column":31},"end":{"line":7,"column":70}},"2":{"start":{"line":11,"column":4},"end":{"line":15,"column":null}},"3":{"start":{"line":12,"column":6},"end":{"line":14,"column":8}},"4":{"start":{"line":16,"column":4},"end":{"line":16,"column":59}},"5":{"start":{"line":5,"column":0},"end":{"line":5,"column":13}}},"fnMap":{"0":{"name":"(anonymous_0)","decl":{"start":{"line":7,"column":2},"end":{"line":7,"column":31}},"loc":{"start":{"line":7,"column":70},"end":{"line":8,"column":3}}},"1":{"name":"(anonymous_1)","decl":{"start":{"line":10,"column":2},"end":{"line":10,"column":7}},"loc":{"start":{"line":10,"column":33},"end":{"line":17,"column":3}}}},"branchMap":{"0":{"loc":{"start":{"line":11,"column":4},"end":{"line":15,"column":null}},"type":"if","locations":[{"start":{"line":11,"column":4},"end":{"line":15,"column":null}},{"start":{"line":11,"column":4},"end":{"line":15,"column":null}}]}},"s":{"0":2,"1":3,"2":4,"3":2,"4":2,"5":2},"f":{"0":3,"1":4},"b":{"0":[2,2]}}
,"C:\\Users\\maria.bohorquez\\Documents\\ADN\\api-restaurant-app\\node-nestjs-arquitectura-hexagonal\\src\\dominio\\errores\\error-de-negocio.ts": {"path":"C:\\Users\\maria.bohorquez\\Documents\\ADN\\api-restaurant-app\\node-nestjs-arquitectura-hexagonal\\src\\dominio\\errores\\error-de-negocio.ts","statementMap":{"0":{"start":{"line":3,"column":4},"end":{"line":3,"column":19}},"1":{"start":{"line":4,"column":4},"end":{"line":4,"column":45}},"2":{"start":{"line":1,"column":0},"end":{"line":1,"column":13}}},"fnMap":{"0":{"name":"(anonymous_0)","decl":{"start":{"line":2,"column":2},"end":{"line":2,"column":14}},"loc":{"start":{"line":2,"column":45},"end":{"line":5,"column":3}}}},"branchMap":{"0":{"loc":{"start":{"line":4,"column":16},"end":{"line":4,"column":21}},"type":"binary-expr","locations":[{"start":{"line":4,"column":16},"end":{"line":4,"column":21}},{"start":{"line":4,"column":25},"end":{"line":4,"column":44}}]}},"s":{"0":8,"1":8,"2":8},"f":{"0":8},"b":{"0":[8,5]}}
,"C:\\Users\\maria.bohorquez\\Documents\\ADN\\api-restaurant-app\\node-nestjs-arquitectura-hexagonal\\src\\dominio\\errores\\error-longitud-invalida.ts": {"path":"C:\\Users\\maria.bohorquez\\Documents\\ADN\\api-restaurant-app\\node-nestjs-arquitectura-hexagonal\\src\\dominio\\errores\\error-longitud-invalida.ts","statementMap":{"0":{"start":{"line":1,"column":0},"end":{"line":1,"column":52}},"1":{"start":{"line":5,"column":4},"end":{"line":5,"column":47}},"2":{"start":{"line":3,"column":0},"end":{"line":3,"column":13}}},"fnMap":{"0":{"name":"(anonymous_0)","decl":{"start":{"line":4,"column":2},"end":{"line":4,"column":14}},"loc":{"start":{"line":4,"column":29},"end":{"line":6,"column":3}}}},"branchMap":{},"s":{"0":3,"1":3,"2":3},"f":{"0":3},"b":{}}
,"C:\\Users\\maria.bohorquez\\Documents\\ADN\\api-restaurant-app\\node-nestjs-arquitectura-hexagonal\\src\\dominio\\pedido-producto\\modelo\\pedido-producto.ts": {"path":"C:\\Users\\maria.bohorquez\\Documents\\ADN\\api-restaurant-app\\node-nestjs-arquitectura-hexagonal\\src\\dominio\\pedido-producto\\modelo\\pedido-producto.ts","statementMap":{"0":{"start":{"line":2,"column":2},"end":{"line":2,"column":27}},"1":{"start":{"line":3,"column":2},"end":{"line":3,"column":29}},"2":{"start":{"line":4,"column":2},"end":{"line":4,"column":29}},"3":{"start":{"line":5,"column":2},"end":{"line":5,"column":27}},"4":{"start":{"line":6,"column":2},"end":{"line":6,"column":27}},"5":{"start":{"line":9,"column":4},"end":{"line":9,"column":26}},"6":{"start":{"line":10,"column":4},"end":{"line":10,"column":30}},"7":{"start":{"line":11,"column":4},"end":{"line":11,"column":30}},"8":{"start":{"line":12,"column":4},"end":{"line":12,"column":26}},"9":{"start":{"line":13,"column":4},"end":{"line":13,"column":26}},"10":{"start":{"line":17,"column":4},"end":{"line":17,"column":24}},"11":{"start":{"line":21,"column":4},"end":{"line":21,"column":26}},"12":{"start":{"line":25,"column":4},"end":{"line":25,"column":26}},"13":{"start":{"line":29,"column":4},"end":{"line":29,"column":24}},"14":{"start":{"line":33,"column":4},"end":{"line":33,"column":24}},"15":{"start":{"line":1,"column":0},"end":{"line":1,"column":13}}},"fnMap":{"0":{"name":"(anonymous_2)","decl":{"start":{"line":8,"column":2},"end":{"line":8,"column":14}},"loc":{"start":{"line":8,"column":96},"end":{"line":14,"column":3}}},"1":{"name":"(anonymous_3)","decl":{"start":{"line":16,"column":2},"end":{"line":16,"column":6}},"loc":{"start":{"line":16,"column":12},"end":{"line":18,"column":3}}},"2":{"name":"(anonymous_4)","decl":{"start":{"line":20,"column":2},"end":{"line":20,"column":6}},"loc":{"start":{"line":20,"column":14},"end":{"line":22,"column":3}}},"3":{"name":"(anonymous_5)","decl":{"start":{"line":24,"column":2},"end":{"line":24,"column":6}},"loc":{"start":{"line":24,"column":14},"end":{"line":26,"column":3}}},"4":{"name":"(anonymous_6)","decl":{"start":{"line":28,"column":2},"end":{"line":28,"column":6}},"loc":{"start":{"line":28,"column":12},"end":{"line":30,"column":3}}},"5":{"name":"(anonymous_7)","decl":{"start":{"line":32,"column":2},"end":{"line":32,"column":6}},"loc":{"start":{"line":32,"column":12},"end":{"line":34,"column":3}}}},"branchMap":{},"s":{"0":6,"1":6,"2":6,"3":6,"4":6,"5":6,"6":6,"7":6,"8":6,"9":6,"10":1,"11":1,"12":1,"13":1,"14":1,"15":3},"f":{"0":6,"1":1,"2":1,"3":1,"4":1,"5":1},"b":{}}
,"C:\\Users\\maria.bohorquez\\Documents\\ADN\\api-restaurant-app\\node-nestjs-arquitectura-hexagonal\\src\\dominio\\pedido-producto\\puerto\\dao\\dao-pedido-producto.ts": {"path":"C:\\Users\\maria.bohorquez\\Documents\\ADN\\api-restaurant-app\\node-nestjs-arquitectura-hexagonal\\src\\dominio\\pedido-producto\\puerto\\dao\\dao-pedido-producto.ts","statementMap":{"0":{"start":{"line":3,"column":0},"end":{"line":3,"column":22}}},"fnMap":{},"branchMap":{},"s":{"0":1},"f":{},"b":{}}
,"C:\\Users\\maria.bohorquez\\Documents\\ADN\\api-restaurant-app\\node-nestjs-arquitectura-hexagonal\\src\\dominio\\pedido-producto\\puerto\\repositorio\\repositorio-pedido-producto.ts": {"path":"C:\\Users\\maria.bohorquez\\Documents\\ADN\\api-restaurant-app\\node-nestjs-arquitectura-hexagonal\\src\\dominio\\pedido-producto\\puerto\\repositorio\\repositorio-pedido-producto.ts","statementMap":{"0":{"start":{"line":3,"column":0},"end":{"line":3,"column":22}}},"fnMap":{},"branchMap":{},"s":{"0":1},"f":{},"b":{}}
,"C:\\Users\\maria.bohorquez\\Documents\\ADN\\api-restaurant-app\\node-nestjs-arquitectura-hexagonal\\src\\dominio\\pedido-producto\\servicio\\servicio-registrar-pedido-producto.ts": {"path":"C:\\Users\\maria.bohorquez\\Documents\\ADN\\api-restaurant-app\\node-nestjs-arquitectura-hexagonal\\src\\dominio\\pedido-producto\\servicio\\servicio-registrar-pedido-producto.ts","statementMap":{"0":{"start":{"line":6,"column":31},"end":{"line":6,"column":84}},"1":{"start":{"line":10,"column":5},"end":{"line":10,"column":67}},"2":{"start":{"line":14,"column":4},"end":{"line":14,"column":55}},"3":{"start":{"line":4,"column":0},"end":{"line":4,"column":13}}},"fnMap":{"0":{"name":"(anonymous_0)","decl":{"start":{"line":6,"column":2},"end":{"line":6,"column":31}},"loc":{"start":{"line":6,"column":84},"end":{"line":7,"column":3}}},"1":{"name":"(anonymous_1)","decl":{"start":{"line":9,"column":2},"end":{"line":9,"column":7}},"loc":{"start":{"line":9,"column":47},"end":{"line":11,"column":3}}},"2":{"name":"(anonymous_2)","decl":{"start":{"line":13,"column":2},"end":{"line":13,"column":7}},"loc":{"start":{"line":13,"column":27},"end":{"line":15,"column":2}}}},"branchMap":{},"s":{"0":3,"1":3,"2":2,"3":2},"f":{"0":3,"1":3,"2":2},"b":{}}
,"C:\\Users\\maria.bohorquez\\Documents\\ADN\\api-restaurant-app\\node-nestjs-arquitectura-hexagonal\\src\\dominio\\pedido\\modelo\\pedido.ts": {"path":"C:\\Users\\maria.bohorquez\\Documents\\ADN\\api-restaurant-app\\node-nestjs-arquitectura-hexagonal\\src\\dominio\\pedido\\modelo\\pedido.ts","statementMap":{"0":{"start":{"line":4,"column":2},"end":{"line":4,"column":27}},"1":{"start":{"line":5,"column":2},"end":{"line":5,"column":27}},"2":{"start":{"line":6,"column":2},"end":{"line":6,"column":28}},"3":{"start":{"line":7,"column":2},"end":{"line":7,"column":33}},"4":{"start":{"line":8,"column":2},"end":{"line":8,"column":40}},"5":{"start":{"line":11,"column":4},"end":{"line":11,"column":26}},"6":{"start":{"line":12,"column":4},"end":{"line":12,"column":26}},"7":{"start":{"line":13,"column":4},"end":{"line":13,"column":28}},"8":{"start":{"line":14,"column":4},"end":{"line":14,"column":38}},"9":{"start":{"line":15,"column":4},"end":{"line":15,"column":32}},"10":{"start":{"line":19,"column":4},"end":{"line":19,"column":24}},"11":{"start":{"line":23,"column":4},"end":{"line":23,"column":24}},"12":{"start":{"line":27,"column":4},"end":{"line":27,"column":25}},"13":{"start":{"line":31,"column":4},"end":{"line":31,"column":30}},"14":{"start":{"line":35,"column":4},"end":{"line":35,"column":27}},"15":{"start":{"line":3,"column":0},"end":{"line":3,"column":13}}},"fnMap":{"0":{"name":"(anonymous_2)","decl":{"start":{"line":10,"column":2},"end":{"line":10,"column":14}},"loc":{"start":{"line":10,"column":112},"end":{"line":16,"column":3}}},"1":{"name":"(anonymous_3)","decl":{"start":{"line":18,"column":2},"end":{"line":18,"column":6}},"loc":{"start":{"line":18,"column":12},"end":{"line":20,"column":3}}},"2":{"name":"(anonymous_4)","decl":{"start":{"line":22,"column":2},"end":{"line":22,"column":6}},"loc":{"start":{"line":22,"column":12},"end":{"line":24,"column":3}}},"3":{"name":"(anonymous_5)","decl":{"start":{"line":26,"column":2},"end":{"line":26,"column":6}},"loc":{"start":{"line":26,"column":13},"end":{"line":28,"column":3}}},"4":{"name":"(anonymous_6)","decl":{"start":{"line":30,"column":2},"end":{"line":30,"column":6}},"loc":{"start":{"line":30,"column":18},"end":{"line":32,"column":3}}},"5":{"name":"(anonymous_7)","decl":{"start":{"line":34,"column":2},"end":{"line":34,"column":6}},"loc":{"start":{"line":34,"column":15},"end":{"line":36,"column":3}}}},"branchMap":{},"s":{"0":3,"1":3,"2":3,"3":3,"4":3,"5":3,"6":3,"7":3,"8":3,"9":3,"10":1,"11":1,"12":1,"13":1,"14":1,"15":3},"f":{"0":3,"1":1,"2":1,"3":1,"4":1,"5":1},"b":{}}
,"C:\\Users\\maria.bohorquez\\Documents\\ADN\\api-restaurant-app\\node-nestjs-arquitectura-hexagonal\\src\\dominio\\pedido\\puerto\\dao\\dao-pedido.ts": {"path":"C:\\Users\\maria.bohorquez\\Documents\\ADN\\api-restaurant-app\\node-nestjs-arquitectura-hexagonal\\src\\dominio\\pedido\\puerto\\dao\\dao-pedido.ts","statementMap":{"0":{"start":{"line":3,"column":0},"end":{"line":3,"column":22}}},"fnMap":{},"branchMap":{},"s":{"0":1},"f":{},"b":{}}
,"C:\\Users\\maria.bohorquez\\Documents\\ADN\\api-restaurant-app\\node-nestjs-arquitectura-hexagonal\\src\\dominio\\pedido\\puerto\\repositorio\\repositorio-pedido.ts": {"path":"C:\\Users\\maria.bohorquez\\Documents\\ADN\\api-restaurant-app\\node-nestjs-arquitectura-hexagonal\\src\\dominio\\pedido\\puerto\\repositorio\\repositorio-pedido.ts","statementMap":{"0":{"start":{"line":3,"column":0},"end":{"line":3,"column":22}}},"fnMap":{},"branchMap":{},"s":{"0":1},"f":{},"b":{}}
,"C:\\Users\\maria.bohorquez\\Documents\\ADN\\api-restaurant-app\\node-nestjs-arquitectura-hexagonal\\src\\dominio\\pedido\\servicio\\servicio-registrar-pedido.ts": {"path":"C:\\Users\\maria.bohorquez\\Documents\\ADN\\api-restaurant-app\\node-nestjs-arquitectura-hexagonal\\src\\dominio\\pedido\\servicio\\servicio-registrar-pedido.ts","statementMap":{"0":{"start":{"line":5,"column":31},"end":{"line":5,"column":68}},"1":{"start":{"line":9,"column":4},"end":{"line":9,"column":57}},"2":{"start":{"line":13,"column":4},"end":{"line":13,"column":86}},"3":{"start":{"line":3,"column":0},"end":{"line":3,"column":13}}},"fnMap":{"0":{"name":"(anonymous_0)","decl":{"start":{"line":5,"column":2},"end":{"line":5,"column":31}},"loc":{"start":{"line":5,"column":68},"end":{"line":6,"column":3}}},"1":{"name":"(anonymous_1)","decl":{"start":{"line":8,"column":2},"end":{"line":8,"column":7}},"loc":{"start":{"line":8,"column":31},"end":{"line":10,"column":3}}},"2":{"name":"(anonymous_2)","decl":{"start":{"line":12,"column":2},"end":{"line":12,"column":7}},"loc":{"start":{"line":12,"column":82},"end":{"line":14,"column":3}}}},"branchMap":{},"s":{"0":3,"1":2,"2":2,"3":2},"f":{"0":3,"1":2,"2":2},"b":{}}
,"C:\\Users\\maria.bohorquez\\Documents\\ADN\\api-restaurant-app\\node-nestjs-arquitectura-hexagonal\\src\\dominio\\producto\\modelo\\producto.ts": {"path":"C:\\Users\\maria.bohorquez\\Documents\\ADN\\api-restaurant-app\\node-nestjs-arquitectura-hexagonal\\src\\dominio\\producto\\modelo\\producto.ts","statementMap":{"0":{"start":{"line":5,"column":2},"end":{"line":5,"column":32}},"1":{"start":{"line":6,"column":2},"end":{"line":6,"column":30}},"2":{"start":{"line":7,"column":2},"end":{"line":7,"column":27}},"3":{"start":{"line":8,"column":2},"end":{"line":8,"column":27}},"4":{"start":{"line":9,"column":2},"end":{"line":9,"column":40}},"5":{"start":{"line":12,"column":4},"end":{"line":12,"column":36}},"6":{"start":{"line":13,"column":4},"end":{"line":13,"column":32}},"7":{"start":{"line":14,"column":4},"end":{"line":14,"column":26}},"8":{"start":{"line":15,"column":4},"end":{"line":15,"column":26}},"9":{"start":{"line":16,"column":4},"end":{"line":16,"column":32}},"10":{"start":{"line":20,"column":4},"end":{"line":20,"column":29}},"11":{"start":{"line":23,"column":4},"end":{"line":23,"column":27}},"12":{"start":{"line":26,"column":4},"end":{"line":26,"column":24}},"13":{"start":{"line":29,"column":4},"end":{"line":29,"column":24}},"14":{"start":{"line":33,"column":4},"end":{"line":33,"column":27}},"15":{"start":{"line":4,"column":0},"end":{"line":4,"column":13}}},"fnMap":{"0":{"name":"(anonymous_2)","decl":{"start":{"line":11,"column":2},"end":{"line":11,"column":14}},"loc":{"start":{"line":11,"column":113},"end":{"line":17,"column":3}}},"1":{"name":"(anonymous_3)","decl":{"start":{"line":19,"column":2},"end":{"line":19,"column":6}},"loc":{"start":{"line":19,"column":17},"end":{"line":21,"column":3}}},"2":{"name":"(anonymous_4)","decl":{"start":{"line":22,"column":2},"end":{"line":22,"column":6}},"loc":{"start":{"line":22,"column":15},"end":{"line":24,"column":3}}},"3":{"name":"(anonymous_5)","decl":{"start":{"line":25,"column":2},"end":{"line":25,"column":6}},"loc":{"start":{"line":25,"column":12},"end":{"line":27,"column":3}}},"4":{"name":"(anonymous_6)","decl":{"start":{"line":28,"column":2},"end":{"line":28,"column":6}},"loc":{"start":{"line":28,"column":12},"end":{"line":30,"column":3}}},"5":{"name":"(anonymous_7)","decl":{"start":{"line":32,"column":2},"end":{"line":32,"column":6}},"loc":{"start":{"line":32,"column":15},"end":{"line":34,"column":3}}}},"branchMap":{},"s":{"0":3,"1":3,"2":3,"3":3,"4":3,"5":3,"6":3,"7":3,"8":3,"9":3,"10":4,"11":1,"12":1,"13":1,"14":1,"15":3},"f":{"0":3,"1":4,"2":1,"3":1,"4":1,"5":1},"b":{}}
,"C:\\Users\\maria.bohorquez\\Documents\\ADN\\api-restaurant-app\\node-nestjs-arquitectura-hexagonal\\src\\dominio\\producto\\puerto\\dao\\dao-producto.ts": {"path":"C:\\Users\\maria.bohorquez\\Documents\\ADN\\api-restaurant-app\\node-nestjs-arquitectura-hexagonal\\src\\dominio\\producto\\puerto\\dao\\dao-producto.ts","statementMap":{"0":{"start":{"line":3,"column":0},"end":{"line":3,"column":22}}},"fnMap":{},"branchMap":{},"s":{"0":1},"f":{},"b":{}}
,"C:\\Users\\maria.bohorquez\\Documents\\ADN\\api-restaurant-app\\node-nestjs-arquitectura-hexagonal\\src\\dominio\\producto\\puerto\\repositorio\\repositorio-producto.ts": {"path":"C:\\Users\\maria.bohorquez\\Documents\\ADN\\api-restaurant-app\\node-nestjs-arquitectura-hexagonal\\src\\dominio\\producto\\puerto\\repositorio\\repositorio-producto.ts","statementMap":{"0":{"start":{"line":3,"column":0},"end":{"line":3,"column":22}}},"fnMap":{},"branchMap":{},"s":{"0":1},"f":{},"b":{}}
,"C:\\Users\\maria.bohorquez\\Documents\\ADN\\api-restaurant-app\\node-nestjs-arquitectura-hexagonal\\src\\dominio\\producto\\servicio\\servicio-registrar-producto.ts": {"path":"C:\\Users\\maria.bohorquez\\Documents\\ADN\\api-restaurant-app\\node-nestjs-arquitectura-hexagonal\\src\\dominio\\producto\\servicio\\servicio-registrar-producto.ts","statementMap":{"0":{"start":{"line":3,"column":0},"end":{"line":3,"column":70}},"1":{"start":{"line":7,"column":31},"end":{"line":7,"column":72}},"2":{"start":{"line":11,"column":4},"end":{"line":15,"column":null}},"3":{"start":{"line":12,"column":6},"end":{"line":14,"column":8}},"4":{"start":{"line":16,"column":4},"end":{"line":16,"column":54}},"5":{"start":{"line":5,"column":0},"end":{"line":5,"column":13}}},"fnMap":{"0":{"name":"(anonymous_0)","decl":{"start":{"line":7,"column":2},"end":{"line":7,"column":31}},"loc":{"start":{"line":7,"column":72},"end":{"line":8,"column":3}}},"1":{"name":"(anonymous_1)","decl":{"start":{"line":10,"column":2},"end":{"line":10,"column":7}},"loc":{"start":{"line":10,"column":35},"end":{"line":17,"column":3}}}},"branchMap":{"0":{"loc":{"start":{"line":11,"column":4},"end":{"line":15,"column":null}},"type":"if","locations":[{"start":{"line":11,"column":4},"end":{"line":15,"column":null}},{"start":{"line":11,"column":4},"end":{"line":15,"column":null}}]}},"s":{"0":2,"1":3,"2":2,"3":1,"4":1,"5":2},"f":{"0":3,"1":2},"b":{"0":[1,1]}}
,"C:\\Users\\maria.bohorquez\\Documents\\ADN\\api-restaurant-app\\node-nestjs-arquitectura-hexagonal\\src\\dominio\\usuario\\modelo\\usuario.ts": {"path":"C:\\Users\\maria.bohorquez\\Documents\\ADN\\api-restaurant-app\\node-nestjs-arquitectura-hexagonal\\src\\dominio\\usuario\\modelo\\usuario.ts","statementMap":{"0":{"start":{"line":1,"column":0},"end":{"line":1,"column":84}},"1":{"start":{"line":3,"column":39},"end":{"line":3,"column":40}},"2":{"start":{"line":5,"column":2},"end":{"line":5,"column":27}},"3":{"start":{"line":6,"column":2},"end":{"line":6,"column":26}},"4":{"start":{"line":7,"column":2},"end":{"line":7,"column":32}},"5":{"start":{"line":10,"column":4},"end":{"line":10,"column":35}},"6":{"start":{"line":11,"column":4},"end":{"line":11,"column":26}},"7":{"start":{"line":12,"column":4},"end":{"line":12,"column":24}},"8":{"start":{"line":13,"column":4},"end":{"line":13,"column":50}},"9":{"start":{"line":17,"column":4},"end":{"line":21,"column":null}},"10":{"start":{"line":18,"column":6},"end":{"line":20,"column":8}},"11":{"start":{"line":25,"column":4},"end":{"line":25,"column":24}},"12":{"start":{"line":29,"column":4},"end":{"line":29,"column":23}},"13":{"start":{"line":33,"column":4},"end":{"line":33,"column":31}},"14":{"start":{"line":4,"column":0},"end":{"line":4,"column":13}}},"fnMap":{"0":{"name":"(anonymous_2)","decl":{"start":{"line":9,"column":2},"end":{"line":9,"column":14}},"loc":{"start":{"line":9,"column":66},"end":{"line":14,"column":3}}},"1":{"name":"(anonymous_3)","decl":{"start":{"line":16,"column":10},"end":{"line":16,"column":28}},"loc":{"start":{"line":16,"column":42},"end":{"line":22,"column":3}}},"2":{"name":"(anonymous_4)","decl":{"start":{"line":24,"column":2},"end":{"line":24,"column":6}},"loc":{"start":{"line":24,"column":12},"end":{"line":26,"column":3}}},"3":{"name":"(anonymous_5)","decl":{"start":{"line":28,"column":2},"end":{"line":28,"column":6}},"loc":{"start":{"line":28,"column":11},"end":{"line":30,"column":3}}},"4":{"name":"(anonymous_6)","decl":{"start":{"line":32,"column":2},"end":{"line":32,"column":6}},"loc":{"start":{"line":32,"column":19},"end":{"line":34,"column":3}}}},"branchMap":{"0":{"loc":{"start":{"line":17,"column":4},"end":{"line":21,"column":null}},"type":"if","locations":[{"start":{"line":17,"column":4},"end":{"line":21,"column":null}},{"start":{"line":17,"column":4},"end":{"line":21,"column":null}}]}},"s":{"0":3,"1":3,"2":6,"3":6,"4":6,"5":6,"6":4,"7":4,"8":4,"9":6,"10":2,"11":6,"12":1,"13":1,"14":3},"f":{"0":6,"1":6,"2":6,"3":1,"4":1},"b":{"0":[2,4]}}
,"C:\\Users\\maria.bohorquez\\Documents\\ADN\\api-restaurant-app\\node-nestjs-arquitectura-hexagonal\\src\\dominio\\usuario\\puerto\\dao\\dao-usuario.ts": {"path":"C:\\Users\\maria.bohorquez\\Documents\\ADN\\api-restaurant-app\\node-nestjs-arquitectura-hexagonal\\src\\dominio\\usuario\\puerto\\dao\\dao-usuario.ts","statementMap":{"0":{"start":{"line":3,"column":0},"end":{"line":3,"column":22}}},"fnMap":{},"branchMap":{},"s":{"0":1},"f":{},"b":{}}
,"C:\\Users\\maria.bohorquez\\Documents\\ADN\\api-restaurant-app\\node-nestjs-arquitectura-hexagonal\\src\\dominio\\usuario\\puerto\\repositorio\\repositorio-usuario.ts": {"path":"C:\\Users\\maria.bohorquez\\Documents\\ADN\\api-restaurant-app\\node-nestjs-arquitectura-hexagonal\\src\\dominio\\usuario\\puerto\\repositorio\\repositorio-usuario.ts","statementMap":{"0":{"start":{"line":3,"column":0},"end":{"line":3,"column":22}}},"fnMap":{},"branchMap":{},"s":{"0":1},"f":{},"b":{}}
,"C:\\Users\\maria.bohorquez\\Documents\\ADN\\api-restaurant-app\\node-nestjs-arquitectura-hexagonal\\src\\dominio\\usuario\\servicio\\servicio-registrar-usuario.ts": {"path":"C:\\Users\\maria.bohorquez\\Documents\\ADN\\api-restaurant-app\\node-nestjs-arquitectura-hexagonal\\src\\dominio\\usuario\\servicio\\servicio-registrar-usuario.ts","statementMap":{"0":{"start":{"line":3,"column":0},"end":{"line":3,"column":70}},"1":{"start":{"line":7,"column":31},"end":{"line":7,"column":70}},"2":{"start":{"line":11,"column":4},"end":{"line":15,"column":null}},"3":{"start":{"line":12,"column":6},"end":{"line":14,"column":8}},"4":{"start":{"line":16,"column":4},"end":{"line":16,"column":52}},"5":{"start":{"line":5,"column":0},"end":{"line":5,"column":13}}},"fnMap":{"0":{"name":"(anonymous_0)","decl":{"start":{"line":7,"column":2},"end":{"line":7,"column":31}},"loc":{"start":{"line":7,"column":70},"end":{"line":8,"column":3}}},"1":{"name":"(anonymous_1)","decl":{"start":{"line":10,"column":2},"end":{"line":10,"column":7}},"loc":{"start":{"line":10,"column":33},"end":{"line":17,"column":3}}}},"branchMap":{"0":{"loc":{"start":{"line":11,"column":4},"end":{"line":15,"column":null}},"type":"if","locations":[{"start":{"line":11,"column":4},"end":{"line":15,"column":null}},{"start":{"line":11,"column":4},"end":{"line":15,"column":null}}]}},"s":{"0":2,"1":3,"2":3,"3":2,"4":1,"5":2},"f":{"0":3,"1":3},"b":{"0":[2,1]}}
,"C:\\Users\\maria.bohorquez\\Documents\\ADN\\api-restaurant-app\\node-nestjs-arquitectura-hexagonal\\src\\infraestructura\\cliente\\controlador\\cliente.controlador.ts": {"path":"C:\\Users\\maria.bohorquez\\Documents\\ADN\\api-restaurant-app\\node-nestjs-arquitectura-hexagonal\\src\\infraestructura\\cliente\\controlador\\cliente.controlador.ts","statementMap":{"0":{"start":{"line":1,"column":0},"end":{"line":1,"column":94}},"1":{"start":{"line":2,"column":0},"end":{"line":2,"column":99}},"2":{"start":{"line":3,"column":0},"end":{"line":3,"column":102}},"3":{"start":{"line":4,"column":0},"end":{"line":4,"column":99}},"4":{"start":{"line":8,"column":0},"end":{"line":25,"column":null}},"5":{"start":{"line":10,"column":21},"end":{"line":10,"column":49}},"6":{"start":{"line":11,"column":21},"end":{"line":11,"column":46}},"7":{"start":{"line":17,"column":3},"end":{"line":17,"column":82}},"8":{"start":{"line":22,"column":4},"end":{"line":22,"column":58}},"9":{"start":{"line":16,"column":2},"end":{"line":18,"column":null}},"10":{"start":{"line":21,"column":2},"end":{"line":23,"column":null}},"11":{"start":{"line":8,"column":13},"end":{"line":25,"column":null}},"12":{"start":{"line":8,"column":13},"end":{"line":8,"column":31}}},"fnMap":{"0":{"name":"(anonymous_4)","decl":{"start":{"line":9,"column":2},"end":{"line":9,"column":null}},"loc":{"start":{"line":11,"column":68},"end":{"line":12,"column":6}}},"1":{"name":"(anonymous_5)","decl":{"start":{"line":16,"column":2},"end":{"line":16,"column":7}},"loc":{"start":{"line":16,"column":70},"end":{"line":18,"column":3}}},"2":{"name":"(anonymous_6)","decl":{"start":{"line":21,"column":2},"end":{"line":21,"column":7}},"loc":{"start":{"line":21,"column":37},"end":{"line":23,"column":3}}}},"branchMap":{},"s":{"0":1,"1":1,"2":1,"3":1,"4":1,"5":1,"6":1,"7":2,"8":1,"9":1,"10":1,"11":1,"12":1},"f":{"0":1,"1":2,"2":1},"b":{}}
,"C:\\Users\\maria.bohorquez\\Documents\\ADN\\api-restaurant-app\\node-nestjs-arquitectura-hexagonal\\src\\infraestructura\\cliente\\proveedor\\servicio\\servicio-registrar-cliente.proveedor.ts": {"path":"C:\\Users\\maria.bohorquez\\Documents\\ADN\\api-restaurant-app\\node-nestjs-arquitectura-hexagonal\\src\\infraestructura\\cliente\\proveedor\\servicio\\servicio-registrar-cliente.proveedor.ts","statementMap":{"0":{"start":{"line":2,"column":0},"end":{"line":2,"column":99}},"1":{"start":{"line":5,"column":2},"end":{"line":5,"column":58}},"2":{"start":{"line":4,"column":0},"end":{"line":4,"column":16}}},"fnMap":{"0":{"name":"servicioRegistrarClienteProveedor","decl":{"start":{"line":4,"column":16},"end":{"line":4,"column":49}},"loc":{"start":{"line":4,"column":88},"end":{"line":6,"column":1}}}},"branchMap":{},"s":{"0":1,"1":1,"2":1},"f":{"0":1},"b":{}}
,"C:\\Users\\maria.bohorquez\\Documents\\ADN\\api-restaurant-app\\node-nestjs-arquitectura-hexagonal\\src\\infraestructura\\configuracion\\ceiba-logger.service.ts": {"path":"C:\\Users\\maria.bohorquez\\Documents\\ADN\\api-restaurant-app\\node-nestjs-arquitectura-hexagonal\\src\\infraestructura\\configuracion\\ceiba-logger.service.ts","statementMap":{"0":{"start":{"line":1,"column":0},"end":{"line":1,"column":59}},"1":{"start":{"line":4,"column":0},"end":{"line":10,"column":null}},"2":{"start":{"line":7,"column":4},"end":{"line":7,"column":78}},"3":{"start":{"line":4,"column":13},"end":{"line":10,"column":null}},"4":{"start":{"line":4,"column":13},"end":{"line":4,"column":22}}},"fnMap":{"0":{"name":"(anonymous_1)","decl":{"start":{"line":6,"column":9},"end":{"line":6,"column":20}},"loc":{"start":{"line":6,"column":33},"end":{"line":8,"column":3}}}},"branchMap":{},"s":{"0":4,"1":4,"2":0,"3":4,"4":4},"f":{"0":0},"b":{}}
,"C:\\Users\\maria.bohorquez\\Documents\\ADN\\api-restaurant-app\\node-nestjs-arquitectura-hexagonal\\src\\infraestructura\\excepciones\\filtro-excepciones-negocio.ts": {"path":"C:\\Users\\maria.bohorquez\\Documents\\ADN\\api-restaurant-app\\node-nestjs-arquitectura-hexagonal\\src\\infraestructura\\excepciones\\filtro-excepciones-negocio.ts","statementMap":{"0":{"start":{"line":1,"column":0},"end":{"line":1,"column":83}},"1":{"start":{"line":3,"column":0},"end":{"line":3,"column":70}},"2":{"start":{"line":5,"column":0},"end":{"line":5,"column":66}},"3":{"start":{"line":8,"column":39},"end":{"line":31,"column":null}},"4":{"start":{"line":10,"column":31},"end":{"line":10,"column":39}},"5":{"start":{"line":11,"column":4},"end":{"line":11,"column":60}},"6":{"start":{"line":15,"column":16},"end":{"line":15,"column":35}},"7":{"start":{"line":16,"column":21},"end":{"line":16,"column":48}},"8":{"start":{"line":17,"column":20},"end":{"line":17,"column":45}},"9":{"start":{"line":19,"column":23},"end":{"line":19,"column":45}},"10":{"start":{"line":21,"column":29},"end":{"line":26,"column":6}},"11":{"start":{"line":28,"column":4},"end":{"line":28,"column":35}},"12":{"start":{"line":29,"column":4},"end":{"line":29,"column":46}},"13":{"start":{"line":8,"column":13},"end":{"line":31,"column":null}},"14":{"start":{"line":8,"column":13},"end":{"line":8,"column":39}}},"fnMap":{"0":{"name":"(anonymous_2)","decl":{"start":{"line":10,"column":2},"end":{"line":10,"column":31}},"loc":{"start":{"line":10,"column":48},"end":{"line":12,"column":3}}},"1":{"name":"(anonymous_3)","decl":{"start":{"line":14,"column":2},"end":{"line":14,"column":7}},"loc":{"start":{"line":14,"column":50},"end":{"line":30,"column":3}}}},"branchMap":{},"s":{"0":4,"1":4,"2":4,"3":4,"4":4,"5":4,"6":3,"7":3,"8":3,"9":3,"10":3,"11":3,"12":3,"13":4,"14":4},"f":{"0":4,"1":3},"b":{}}
,"C:\\Users\\maria.bohorquez\\Documents\\ADN\\api-restaurant-app\\node-nestjs-arquitectura-hexagonal\\src\\infraestructura\\pedido-producto\\controlador\\pedido-producto.controlador.ts": {"path":"C:\\Users\\maria.bohorquez\\Documents\\ADN\\api-restaurant-app\\node-nestjs-arquitectura-hexagonal\\src\\infraestructura\\pedido-producto\\controlador\\pedido-producto.controlador.ts","statementMap":{"0":{"start":{"line":1,"column":0},"end":{"line":1,"column":87}},"1":{"start":{"line":2,"column":0},"end":{"line":2,"column":122}},"2":{"start":{"line":3,"column":0},"end":{"line":3,"column":125}},"3":{"start":{"line":4,"column":0},"end":{"line":4,"column":122}},"4":{"start":{"line":8,"column":0},"end":{"line":24,"column":null}},"5":{"start":{"line":10,"column":21},"end":{"line":10,"column":56}},"6":{"start":{"line":11,"column":21},"end":{"line":11,"column":53}},"7":{"start":{"line":17,"column":4},"end":{"line":17,"column":90}},"8":{"start":{"line":22,"column":4},"end":{"line":22,"column":58}},"9":{"start":{"line":16,"column":2},"end":{"line":18,"column":null}},"10":{"start":{"line":21,"column":2},"end":{"line":23,"column":null}},"11":{"start":{"line":8,"column":13},"end":{"line":24,"column":null}},"12":{"start":{"line":8,"column":13},"end":{"line":8,"column":38}}},"fnMap":{"0":{"name":"(anonymous_4)","decl":{"start":{"line":9,"column":2},"end":{"line":9,"column":null}},"loc":{"start":{"line":11,"column":82},"end":{"line":12,"column":6}}},"1":{"name":"(anonymous_5)","decl":{"start":{"line":16,"column":2},"end":{"line":16,"column":7}},"loc":{"start":{"line":16,"column":84},"end":{"line":18,"column":3}}},"2":{"name":"(anonymous_6)","decl":{"start":{"line":21,"column":2},"end":{"line":21,"column":7}},"loc":{"start":{"line":21,"column":14},"end":{"line":23,"column":3}}}},"branchMap":{},"s":{"0":1,"1":1,"2":1,"3":1,"4":1,"5":1,"6":1,"7":0,"8":0,"9":1,"10":1,"11":1,"12":1},"f":{"0":1,"1":0,"2":0},"b":{}}
,"C:\\Users\\maria.bohorquez\\Documents\\ADN\\api-restaurant-app\\node-nestjs-arquitectura-hexagonal\\src\\infraestructura\\pedido-producto\\proveedor\\servicio\\servicio-registrar-pedido-producto.proveedor.ts": {"path":"C:\\Users\\maria.bohorquez\\Documents\\ADN\\api-restaurant-app\\node-nestjs-arquitectura-hexagonal\\src\\infraestructura\\pedido-producto\\proveedor\\servicio\\servicio-registrar-pedido-producto.proveedor.ts","statementMap":{"0":{"start":{"line":2,"column":0},"end":{"line":2,"column":122}},"1":{"start":{"line":5,"column":2},"end":{"line":5,"column":72}},"2":{"start":{"line":4,"column":0},"end":{"line":4,"column":16}}},"fnMap":{"0":{"name":"servicioRegistrarPedidoProductoProveedor","decl":{"start":{"line":4,"column":16},"end":{"line":4,"column":56}},"loc":{"start":{"line":4,"column":109},"end":{"line":6,"column":1}}}},"branchMap":{},"s":{"0":1,"1":1,"2":1},"f":{"0":1},"b":{}}
,"C:\\Users\\maria.bohorquez\\Documents\\ADN\\api-restaurant-app\\node-nestjs-arquitectura-hexagonal\\src\\infraestructura\\pedido\\controlador\\pedido.controlador.ts": {"path":"C:\\Users\\maria.bohorquez\\Documents\\ADN\\api-restaurant-app\\node-nestjs-arquitectura-hexagonal\\src\\infraestructura\\pedido\\controlador\\pedido.controlador.ts","statementMap":{"0":{"start":{"line":1,"column":0},"end":{"line":1,"column":null}},"1":{"start":{"line":11,"column":0},"end":{"line":11,"column":96}},"2":{"start":{"line":12,"column":0},"end":{"line":12,"column":99}},"3":{"start":{"line":13,"column":0},"end":{"line":13,"column":96}},"4":{"start":{"line":14,"column":0},"end":{"line":14,"column":125}},"5":{"start":{"line":15,"column":0},"end":{"line":15,"column":122}},"6":{"start":{"line":19,"column":0},"end":{"line":104,"column":null}},"7":{"start":{"line":21,"column":21},"end":{"line":21,"column":48}},"8":{"start":{"line":22,"column":21},"end":{"line":22,"column":45}},"9":{"start":{"line":23,"column":21},"end":{"line":23,"column":56}},"10":{"start":{"line":33,"column":19},"end":{"line":34,"column":null}},"11":{"start":{"line":37,"column":4},"end":{"line":52,"column":null}},"12":{"start":{"line":38,"column":18},"end":{"line":38,"column":19}},"13":{"start":{"line":42,"column":22},"end":{"line":42,"column":61}},"14":{"start":{"line":43,"column":19},"end":{"line":43,"column":55}},"15":{"start":{"line":44,"column":6},"end":{"line":44,"column":27}},"16":{"start":{"line":45,"column":6},"end":{"line":45,"column":39}},"17":{"start":{"line":46,"column":6},"end":{"line":46,"column":39}},"18":{"start":{"line":47,"column":6},"end":{"line":47,"column":35}},"19":{"start":{"line":48,"column":6},"end":{"line":48,"column":24}},"20":{"start":{"line":51,"column":6},"end":{"line":51,"column":66}},"21":{"start":{"line":53,"column":4},"end":{"line":53,"column":60}},"22":{"start":{"line":63,"column":19},"end":{"line":63,"column":70}},"23":{"start":{"line":65,"column":4},"end":{"line":94,"column":null}},"24":{"start":{"line":67,"column":6},"end":{"line":67,"column":71}},"25":{"start":{"line":70,"column":6},"end":{"line":73,"column":8}},"26":{"start":{"line":75,"column":6},"end":{"line":93,"column":null}},"27":{"start":{"line":77,"column":8},"end":{"line":92,"column":null}},"28":{"start":{"line":78,"column":22},"end":{"line":78,"column":23}},"29":{"start":{"line":82,"column":26},"end":{"line":82,"column":65}},"30":{"start":{"line":84,"column":23},"end":{"line":84,"column":59}},"31":{"start":{"line":85,"column":10},"end":{"line":85,"column":34}},"32":{"start":{"line":86,"column":10},"end":{"line":86,"column":43}},"33":{"start":{"line":87,"column":10},"end":{"line":87,"column":43}},"34":{"start":{"line":88,"column":10},"end":{"line":88,"column":39}},"35":{"start":{"line":89,"column":10},"end":{"line":89,"column":28}},"36":{"start":{"line":91,"column":10},"end":{"line":91,"column":70}},"37":{"start":{"line":95,"column":4},"end":{"line":95,"column":63}},"38":{"start":{"line":101,"column":19},"end":{"line":101,"column":70}},"39":{"start":{"line":102,"column":4},"end":{"line":102,"column":18}},"40":{"start":{"line":28,"column":2},"end":{"line":54,"column":null}},"41":{"start":{"line":58,"column":2},"end":{"line":96,"column":null}},"42":{"start":{"line":99,"column":2},"end":{"line":103,"column":null}},"43":{"start":{"line":19,"column":13},"end":{"line":104,"column":null}},"44":{"start":{"line":19,"column":13},"end":{"line":19,"column":30}}},"fnMap":{"0":{"name":"(anonymous_4)","decl":{"start":{"line":20,"column":2},"end":{"line":20,"column":null}},"loc":{"start":{"line":23,"column":88},"end":{"line":24,"column":6}}},"1":{"name":"(anonymous_5)","decl":{"start":{"line":28,"column":2},"end":{"line":28,"column":7}},"loc":{"start":{"line":29,"column":58},"end":{"line":54,"column":3}}},"2":{"name":"(anonymous_6)","decl":{"start":{"line":58,"column":2},"end":{"line":58,"column":7}},"loc":{"start":{"line":60,"column":58},"end":{"line":96,"column":3}}},"3":{"name":"(anonymous_7)","decl":{"start":{"line":99,"column":2},"end":{"line":99,"column":7}},"loc":{"start":{"line":99,"column":36},"end":{"line":103,"column":3}}}},"branchMap":{"0":{"loc":{"start":{"line":65,"column":4},"end":{"line":94,"column":null}},"type":"if","locations":[{"start":{"line":65,"column":4},"end":{"line":94,"column":null}},{"start":{"line":65,"column":4},"end":{"line":94,"column":null}}]},"1":{"loc":{"start":{"line":75,"column":6},"end":{"line":93,"column":null}},"type":"if","locations":[{"start":{"line":75,"column":6},"end":{"line":93,"column":null}},{"start":{"line":75,"column":6},"end":{"line":93,"column":null}}]}},"s":{"0":1,"1":1,"2":1,"3":1,"4":1,"5":1,"6":1,"7":1,"8":1,"9":1,"10":1,"11":1,"12":1,"13":1,"14":1,"15":1,"16":1,"17":1,"18":1,"19":1,"20":1,"21":1,"22":1,"23":1,"24":1,"25":1,"26":1,"27":1,"28":1,"29":1,"30":1,"31":1,"32":1,"33":1,"34":1,"35":1,"36":1,"37":1,"38":1,"39":1,"40":1,"41":1,"42":1,"43":1,"44":1},"f":{"0":1,"1":1,"2":1,"3":1},"b":{"0":[1,0],"1":[1,0]}}
,"C:\\Users\\maria.bohorquez\\Documents\\ADN\\api-restaurant-app\\node-nestjs-arquitectura-hexagonal\\src\\infraestructura\\pedido\\proveedor\\servicio\\servicio-registrar-pedido.proveedor.ts": {"path":"C:\\Users\\maria.bohorquez\\Documents\\ADN\\api-restaurant-app\\node-nestjs-arquitectura-hexagonal\\src\\infraestructura\\pedido\\proveedor\\servicio\\servicio-registrar-pedido.proveedor.ts","statementMap":{"0":{"start":{"line":2,"column":0},"end":{"line":2,"column":96}},"1":{"start":{"line":5,"column":2},"end":{"line":5,"column":56}},"2":{"start":{"line":4,"column":0},"end":{"line":4,"column":16}}},"fnMap":{"0":{"name":"servicioRegistrarPedidoProveedor","decl":{"start":{"line":4,"column":16},"end":{"line":4,"column":48}},"loc":{"start":{"line":4,"column":85},"end":{"line":6,"column":1}}}},"branchMap":{},"s":{"0":1,"1":1,"2":1},"f":{"0":1},"b":{}}
,"C:\\Users\\maria.bohorquez\\Documents\\ADN\\api-restaurant-app\\node-nestjs-arquitectura-hexagonal\\src\\infraestructura\\producto\\controlador\\producto.controlador.ts": {"path":"C:\\Users\\maria.bohorquez\\Documents\\ADN\\api-restaurant-app\\node-nestjs-arquitectura-hexagonal\\src\\infraestructura\\producto\\controlador\\producto.controlador.ts","statementMap":{"0":{"start":{"line":1,"column":0},"end":{"line":1,"column":50}},"1":{"start":{"line":2,"column":0},"end":{"line":2,"column":99}},"2":{"start":{"line":6,"column":0},"end":{"line":20,"column":null}},"3":{"start":{"line":8,"column":21},"end":{"line":8,"column":47}},"4":{"start":{"line":13,"column":4},"end":{"line":13,"column":52}},"5":{"start":{"line":18,"column":4},"end":{"line":18,"column":67}},"6":{"start":{"line":12,"column":2},"end":{"line":14,"column":null}},"7":{"start":{"line":17,"column":2},"end":{"line":19,"column":null}},"8":{"start":{"line":6,"column":13},"end":{"line":20,"column":null}},"9":{"start":{"line":6,"column":13},"end":{"line":6,"column":32}}},"fnMap":{"0":{"name":"(anonymous_2)","decl":{"start":{"line":7,"column":2},"end":{"line":7,"column":null}},"loc":{"start":{"line":8,"column":70},"end":{"line":9,"column":6}}},"1":{"name":"(anonymous_3)","decl":{"start":{"line":12,"column":2},"end":{"line":12,"column":7}},"loc":{"start":{"line":12,"column":14},"end":{"line":14,"column":3}}},"2":{"name":"(anonymous_4)","decl":{"start":{"line":17,"column":2},"end":{"line":17,"column":7}},"loc":{"start":{"line":17,"column":31},"end":{"line":19,"column":3}}}},"branchMap":{},"s":{"0":1,"1":1,"2":1,"3":1,"4":1,"5":1,"6":1,"7":1,"8":1,"9":1},"f":{"0":1,"1":1,"2":1},"b":{}}
,"C:\\Users\\maria.bohorquez\\Documents\\ADN\\api-restaurant-app\\node-nestjs-arquitectura-hexagonal\\src\\infraestructura\\producto\\proveedor\\servicio\\servicio-registrar-producto.proveedor.ts": {"path":"C:\\Users\\maria.bohorquez\\Documents\\ADN\\api-restaurant-app\\node-nestjs-arquitectura-hexagonal\\src\\infraestructura\\producto\\proveedor\\servicio\\servicio-registrar-producto.proveedor.ts","statementMap":{"0":{"start":{"line":2,"column":0},"end":{"line":2,"column":102}},"1":{"start":{"line":5,"column":2},"end":{"line":5,"column":60}},"2":{"start":{"line":4,"column":0},"end":{"line":4,"column":16}}},"fnMap":{"0":{"name":"servicioRegistrarProductoProveedor","decl":{"start":{"line":4,"column":16},"end":{"line":4,"column":50}},"loc":{"start":{"line":4,"column":91},"end":{"line":6,"column":1}}}},"branchMap":{},"s":{"0":1,"1":1,"2":1},"f":{"0":1},"b":{}}
,"C:\\Users\\maria.bohorquez\\Documents\\ADN\\api-restaurant-app\\node-nestjs-arquitectura-hexagonal\\src\\infraestructura\\usuario\\controlador\\usuario.controlador.ts": {"path":"C:\\Users\\maria.bohorquez\\Documents\\ADN\\api-restaurant-app\\node-nestjs-arquitectura-hexagonal\\src\\infraestructura\\usuario\\controlador\\usuario.controlador.ts","statementMap":{"0":{"start":{"line":1,"column":0},"end":{"line":1,"column":87}},"1":{"start":{"line":2,"column":0},"end":{"line":2,"column":99}},"2":{"start":{"line":3,"column":0},"end":{"line":3,"column":102}},"3":{"start":{"line":4,"column":0},"end":{"line":4,"column":99}},"4":{"start":{"line":8,"column":0},"end":{"line":24,"column":null}},"5":{"start":{"line":10,"column":21},"end":{"line":10,"column":49}},"6":{"start":{"line":11,"column":21},"end":{"line":11,"column":46}},"7":{"start":{"line":17,"column":4},"end":{"line":17,"column":76}},"8":{"start":{"line":22,"column":4},"end":{"line":22,"column":51}},"9":{"start":{"line":16,"column":2},"end":{"line":18,"column":null}},"10":{"start":{"line":21,"column":2},"end":{"line":23,"column":null}},"11":{"start":{"line":8,"column":13},"end":{"line":24,"column":null}},"12":{"start":{"line":8,"column":13},"end":{"line":8,"column":31}}},"fnMap":{"0":{"name":"(anonymous_4)","decl":{"start":{"line":9,"column":2},"end":{"line":9,"column":null}},"loc":{"start":{"line":11,"column":68},"end":{"line":12,"column":6}}},"1":{"name":"(anonymous_5)","decl":{"start":{"line":16,"column":2},"end":{"line":16,"column":7}},"loc":{"start":{"line":16,"column":70},"end":{"line":18,"column":3}}},"2":{"name":"(anonymous_6)","decl":{"start":{"line":21,"column":2},"end":{"line":21,"column":7}},"loc":{"start":{"line":21,"column":14},"end":{"line":23,"column":3}}}},"branchMap":{},"s":{"0":1,"1":1,"2":1,"3":1,"4":1,"5":1,"6":1,"7":2,"8":1,"9":1,"10":1,"11":1,"12":1},"f":{"0":1,"1":2,"2":1},"b":{}}
,"C:\\Users\\maria.bohorquez\\Documents\\ADN\\api-restaurant-app\\node-nestjs-arquitectura-hexagonal\\src\\infraestructura\\usuario\\proveedor\\servicio\\servicio-registrar-usuario.proveedor.ts": {"path":"C:\\Users\\maria.bohorquez\\Documents\\ADN\\api-restaurant-app\\node-nestjs-arquitectura-hexagonal\\src\\infraestructura\\usuario\\proveedor\\servicio\\servicio-registrar-usuario.proveedor.ts","statementMap":{"0":{"start":{"line":2,"column":0},"end":{"line":2,"column":99}},"1":{"start":{"line":5,"column":2},"end":{"line":5,"column":58}},"2":{"start":{"line":4,"column":0},"end":{"line":4,"column":16}}},"fnMap":{"0":{"name":"servicioRegistrarUsuarioProveedor","decl":{"start":{"line":4,"column":16},"end":{"line":4,"column":49}},"loc":{"start":{"line":4,"column":88},"end":{"line":6,"column":1}}}},"branchMap":{},"s":{"0":1,"1":1,"2":1},"f":{"0":1},"b":{}}
,"C:\\Users\\maria.bohorquez\\Documents\\ADN\\api-restaurant-app\\node-nestjs-arquitectura-hexagonal\\test\\util\\create-object.stub.ts": {"path":"C:\\Users\\maria.bohorquez\\Documents\\ADN\\api-restaurant-app\\node-nestjs-arquitectura-hexagonal\\test\\util\\create-object.stub.ts","statementMap":{"0":{"start":{"line":1,"column":0},"end":{"line":1,"column":65}},"1":{"start":{"line":16,"column":2},"end":{"line":20,"column":null}},"2":{"start":{"line":17,"column":4},"end":{"line":17,"column":25}},"3":{"start":{"line":19,"column":4},"end":{"line":19,"column":null}},"4":{"start":{"line":21,"column":31},"end":{"line":21,"column":33}},"5":{"start":{"line":22,"column":3},"end":{"line":22,"column":86}},"6":{"start":{"line":22,"column":47},"end":{"line":22,"column":84}},"7":{"start":{"line":23,"column":2},"end":{"line":23,"column":25}},"8":{"start":{"line":14,"column":0},"end":{"line":14,"column":16}}},"fnMap":{"0":{"name":"createStubObj","decl":{"start":{"line":14,"column":16},"end":{"line":14,"column":29}},"loc":{"start":{"line":14,"column":92},"end":{"line":24,"column":1}}},"1":{"name":"(anonymous_1)","decl":{"start":{"line":22,"column":31},"end":{"line":22,"column":32}},"loc":{"start":{"line":22,"column":47},"end":{"line":22,"column":84}}}},"branchMap":{"0":{"loc":{"start":{"line":16,"column":2},"end":{"line":20,"column":null}},"type":"if","locations":[{"start":{"line":16,"column":2},"end":{"line":20,"column":null}},{"start":{"line":16,"column":2},"end":{"line":20,"column":null}}]}},"s":{"0":9,"1":20,"2":10,"3":10,"4":20,"5":20,"6":38,"7":20,"8":9},"f":{"0":20,"1":38},"b":{"0":[10,10]}}
}
