TN:
SF:src\aplicacion\cliente\comando\registar-cliente.manejador.ts
FN:8,(anonymous_2)
FN:10,(anonymous_3)
FNF:2
FNH:2
FNDA:1,(anonymous_2)
FNDA:2,(anonymous_3)
DA:1,1
DA:2,1
DA:4,1
DA:7,1
DA:8,1
DA:11,2
LF:6
LH:6
BRF:0
BRH:0
end_of_record
TN:
SF:src\aplicacion\cliente\comando\registrar-cliente.comando.ts
FNF:0
FNH:0
DA:1,1
DA:2,1
DA:5,1
DA:8,1
DA:12,1
DA:16,1
DA:20,1
DA:24,1
DA:28,1
LF:9
LH:9
BRF:0
BRH:0
end_of_record
TN:
SF:src\aplicacion\cliente\consulta\listar-clientes.manejador.ts
FN:8,(anonymous_2)
FN:10,(anonymous_3)
FNF:2
FNH:2
FNDA:1,(anonymous_2)
FNDA:1,(anonymous_3)
DA:1,1
DA:3,1
DA:7,1
DA:8,1
DA:11,1
LF:5
LH:5
BRF:0
BRH:0
end_of_record
TN:
SF:src\aplicacion\cliente\consulta\dto\cliente.dto.ts
FNF:0
FNH:0
DA:1,2
DA:3,2
DA:6,2
DA:9,2
DA:12,2
DA:15,2
LF:6
LH:6
BRF:0
BRH:0
end_of_record
TN:
SF:src\aplicacion\pedido-producto\comando\registar-pedido-producto.manejador.ts
FN:8,(anonymous_2)
FN:10,(anonymous_3)
FN:22,(anonymous_4)
FNF:3
FNH:3
FNDA:1,(anonymous_2)
FNDA:2,(anonymous_3)
FNDA:1,(anonymous_4)
DA:1,1
DA:2,1
DA:4,1
DA:7,1
DA:8,1
DA:11,2
DA:23,1
LF:7
LH:7
BRF:0
BRH:0
end_of_record
TN:
SF:src\aplicacion\pedido-producto\comando\registrar-pedido-producto.comando.ts
FNF:0
FNH:0
DA:1,1
DA:2,1
DA:4,1
DA:7,1
DA:11,1
DA:15,1
DA:19,1
DA:23,1
LF:8
LH:8
BRF:0
BRH:0
end_of_record
TN:
SF:src\aplicacion\pedido-producto\consulta\listar-pedido-productos.manejador.ts
FN:8,(anonymous_2)
FN:10,(anonymous_3)
FN:14,(anonymous_4)
FNF:3
FNH:1
FNDA:1,(anonymous_2)
FNDA:0,(anonymous_3)
FNDA:0,(anonymous_4)
DA:1,1
DA:3,1
DA:7,1
DA:8,1
DA:11,0
DA:15,0
LF:6
LH:4
BRF:0
BRH:0
end_of_record
TN:
SF:src\aplicacion\pedido\comando\registar-pedido.manejador.ts
FN:8,(anonymous_2)
FN:10,(anonymous_3)
FN:23,(anonymous_4)
FNF:3
FNH:3
FNDA:1,(anonymous_2)
FNDA:1,(anonymous_3)
FNDA:1,(anonymous_4)
DA:1,1
DA:2,1
DA:4,1
DA:7,1
DA:8,1
DA:13,1
DA:20,1
DA:27,1
LF:8
LH:8
BRF:0
BRH:0
end_of_record
TN:
SF:src\aplicacion\pedido\comando\registrar-pedido.comando.ts
FNF:0
FNH:0
DA:1,1
DA:2,1
DA:5,1
DA:8,1
DA:12,1
DA:16,1
DA:20,1
DA:24,1
LF:8
LH:8
BRF:0
BRH:0
end_of_record
TN:
SF:src\aplicacion\pedido\consulta\listar-pedidos.manejador.ts
FN:8,(anonymous_2)
FN:10,(anonymous_3)
FN:14,(anonymous_4)
FNF:3
FNH:2
FNDA:1,(anonymous_2)
FNDA:0,(anonymous_3)
FNDA:4,(anonymous_4)
DA:1,1
DA:3,1
DA:7,1
DA:8,1
DA:11,0
DA:15,4
LF:6
LH:5
BRF:0
BRH:0
end_of_record
TN:
SF:src\aplicacion\pedido\consulta\dto\pedido.dto.ts
FNF:0
FNH:0
DA:1,1
DA:2,1
DA:4,1
DA:7,1
DA:10,1
DA:13,1
DA:16,1
LF:7
LH:7
BRF:0
BRH:0
end_of_record
TN:
SF:src\aplicacion\producto\comando\registar-producto.manejador.ts
FN:8,(anonymous_2)
FN:10,(anonymous_3)
FNF:2
FNH:1
FNDA:1,(anonymous_2)
FNDA:0,(anonymous_3)
DA:1,1
DA:2,1
DA:4,1
DA:7,1
DA:8,1
DA:11,0
LF:6
LH:5
BRF:0
BRH:0
end_of_record
TN:
SF:src\aplicacion\producto\consulta\list-producto.manejador.ts
FN:8,(anonymous_2)
FN:10,(anonymous_3)
FN:14,(anonymous_4)
FNF:3
FNH:3
FNDA:1,(anonymous_2)
FNDA:1,(anonymous_3)
FNDA:1,(anonymous_4)
DA:1,1
DA:3,1
DA:7,1
DA:8,1
DA:11,1
DA:15,1
LF:6
LH:6
BRF:0
BRH:0
end_of_record
TN:
SF:src\aplicacion\usuario\comando\registar-usuario.manejador.ts
FN:8,(anonymous_2)
FN:10,(anonymous_3)
FNF:2
FNH:2
FNDA:1,(anonymous_2)
FNDA:2,(anonymous_3)
DA:1,1
DA:2,1
DA:4,1
DA:7,1
DA:8,1
DA:11,2
LF:6
LH:6
BRF:0
BRH:0
end_of_record
TN:
SF:src\aplicacion\usuario\comando\registrar-usuario.comando.ts
FNF:0
FNH:0
DA:1,1
DA:2,1
DA:4,1
DA:7,1
DA:11,1
DA:15,1
LF:6
LH:6
BRF:0
BRH:0
end_of_record
TN:
SF:src\aplicacion\usuario\consulta\listar-usuarios.manejador.ts
FN:8,(anonymous_2)
FN:10,(anonymous_3)
FNF:2
FNH:2
FNDA:1,(anonymous_2)
FNDA:1,(anonymous_3)
DA:1,1
DA:3,1
DA:7,1
DA:8,1
DA:11,1
LF:5
LH:5
BRF:0
BRH:0
end_of_record
TN:
SF:src\dominio\cliente\modelo\cliente.ts
FN:11,(anonymous_2)
FN:20,(anonymous_3)
FN:24,(anonymous_4)
FN:28,(anonymous_5)
FN:32,(anonymous_6)
FN:36,(anonymous_7)
FN:40,(anonymous_8)
FNF:7
FNH:7
FNDA:5,(anonymous_2)
FNDA:3,(anonymous_3)
FNDA:5,(anonymous_4)
FNDA:1,(anonymous_5)
FNDA:1,(anonymous_6)
FNDA:1,(anonymous_7)
FNDA:1,(anonymous_8)
DA:3,3
DA:4,5
DA:5,5
DA:6,5
DA:7,5
DA:8,5
DA:9,5
DA:12,5
DA:13,5
DA:14,5
DA:15,5
DA:16,5
DA:17,5
DA:21,3
DA:25,5
DA:29,1
DA:33,1
DA:37,1
DA:41,1
LF:19
LH:19
BRF:0
BRH:0
end_of_record
TN:
SF:src\dominio\cliente\puerto\dao\dao-cliente.ts
FNF:0
FNH:0
DA:3,1
LF:1
LH:1
BRF:0
BRH:0
end_of_record
TN:
SF:src\dominio\cliente\puerto\repositorio\repositorio-cliente.ts
FNF:0
FNH:0
DA:3,1
LF:1
LH:1
BRF:0
BRH:0
end_of_record
TN:
SF:src\dominio\cliente\servicio\servicio-registrar-cliente.ts
FN:7,(anonymous_0)
FN:10,(anonymous_1)
FNF:2
FNH:2
FNDA:3,(anonymous_0)
FNDA:4,(anonymous_1)
DA:3,2
DA:5,2
DA:7,3
DA:11,4
DA:12,2
DA:16,2
LF:6
LH:6
BRDA:11,0,0,2
BRDA:11,0,1,2
BRF:2
BRH:2
end_of_record
TN:
SF:src\dominio\errores\error-de-negocio.ts
FN:2,(anonymous_0)
FNF:1
FNH:1
FNDA:8,(anonymous_0)
DA:1,8
DA:3,8
DA:4,8
LF:3
LH:3
BRDA:4,0,0,8
BRDA:4,0,1,5
BRF:2
BRH:2
end_of_record
TN:
SF:src\dominio\errores\error-longitud-invalida.ts
FN:4,(anonymous_0)
FNF:1
FNH:1
FNDA:3,(anonymous_0)
DA:1,3
DA:3,3
DA:5,3
LF:3
LH:3
BRF:0
BRH:0
end_of_record
TN:
SF:src\dominio\pedido-producto\modelo\pedido-producto.ts
FN:8,(anonymous_2)
FN:16,(anonymous_3)
FN:20,(anonymous_4)
FN:24,(anonymous_5)
FN:28,(anonymous_6)
FN:32,(anonymous_7)
FNF:6
FNH:6
FNDA:6,(anonymous_2)
FNDA:1,(anonymous_3)
FNDA:1,(anonymous_4)
FNDA:1,(anonymous_5)
FNDA:1,(anonymous_6)
FNDA:1,(anonymous_7)
DA:1,3
DA:2,6
DA:3,6
DA:4,6
DA:5,6
DA:6,6
DA:9,6
DA:10,6
DA:11,6
DA:12,6
DA:13,6
DA:17,1
DA:21,1
DA:25,1
DA:29,1
DA:33,1
LF:16
LH:16
BRF:0
BRH:0
end_of_record
TN:
SF:src\dominio\pedido-producto\puerto\dao\dao-pedido-producto.ts
FNF:0
FNH:0
DA:3,1
LF:1
LH:1
BRF:0
BRH:0
end_of_record
TN:
SF:src\dominio\pedido-producto\puerto\repositorio\repositorio-pedido-producto.ts
FNF:0
FNH:0
DA:3,1
LF:1
LH:1
BRF:0
BRH:0
end_of_record
TN:
SF:src\dominio\pedido-producto\servicio\servicio-registrar-pedido-producto.ts
FN:6,(anonymous_0)
FN:9,(anonymous_1)
FN:13,(anonymous_2)
FNF:3
FNH:3
FNDA:3,(anonymous_0)
FNDA:3,(anonymous_1)
FNDA:2,(anonymous_2)
DA:4,2
DA:6,3
DA:10,3
DA:14,2
LF:4
LH:4
BRF:0
BRH:0
end_of_record
TN:
SF:src\dominio\pedido\modelo\pedido.ts
FN:10,(anonymous_2)
FN:18,(anonymous_3)
FN:22,(anonymous_4)
FN:26,(anonymous_5)
FN:30,(anonymous_6)
FN:34,(anonymous_7)
FNF:6
FNH:6
FNDA:3,(anonymous_2)
FNDA:1,(anonymous_3)
FNDA:1,(anonymous_4)
FNDA:1,(anonymous_5)
FNDA:1,(anonymous_6)
FNDA:1,(anonymous_7)
DA:3,3
DA:4,3
DA:5,3
DA:6,3
DA:7,3
DA:8,3
DA:11,3
DA:12,3
DA:13,3
DA:14,3
DA:15,3
DA:19,1
DA:23,1
DA:27,1
DA:31,1
DA:35,1
LF:16
LH:16
BRF:0
BRH:0
end_of_record
TN:
SF:src\dominio\pedido\puerto\dao\dao-pedido.ts
FNF:0
FNH:0
DA:3,1
LF:1
LH:1
BRF:0
BRH:0
end_of_record
TN:
SF:src\dominio\pedido\puerto\repositorio\repositorio-pedido.ts
FNF:0
FNH:0
DA:3,1
LF:1
LH:1
BRF:0
BRH:0
end_of_record
TN:
SF:src\dominio\pedido\servicio\servicio-registrar-pedido.ts
FN:5,(anonymous_0)
FN:8,(anonymous_1)
FN:12,(anonymous_2)
FNF:3
FNH:3
FNDA:3,(anonymous_0)
FNDA:2,(anonymous_1)
FNDA:2,(anonymous_2)
DA:3,2
DA:5,3
DA:9,2
DA:13,2
LF:4
LH:4
BRF:0
BRH:0
end_of_record
TN:
SF:src\dominio\producto\modelo\producto.ts
FN:11,(anonymous_2)
FN:19,(anonymous_3)
FN:22,(anonymous_4)
FN:25,(anonymous_5)
FN:28,(anonymous_6)
FN:32,(anonymous_7)
FNF:6
FNH:6
FNDA:3,(anonymous_2)
FNDA:4,(anonymous_3)
FNDA:1,(anonymous_4)
FNDA:1,(anonymous_5)
FNDA:1,(anonymous_6)
FNDA:1,(anonymous_7)
DA:4,3
DA:5,3
DA:6,3
DA:7,3
DA:8,3
DA:9,3
DA:12,3
DA:13,3
DA:14,3
DA:15,3
DA:16,3
DA:20,4
DA:23,1
DA:26,1
DA:29,1
DA:33,1
LF:16
LH:16
BRF:0
BRH:0
end_of_record
TN:
SF:src\dominio\producto\puerto\dao\dao-producto.ts
FNF:0
FNH:0
DA:3,1
LF:1
LH:1
BRF:0
BRH:0
end_of_record
TN:
SF:src\dominio\producto\puerto\repositorio\repositorio-producto.ts
FNF:0
FNH:0
DA:3,1
LF:1
LH:1
BRF:0
BRH:0
end_of_record
TN:
SF:src\dominio\producto\servicio\servicio-registrar-producto.ts
FN:7,(anonymous_0)
FN:10,(anonymous_1)
FNF:2
FNH:2
FNDA:3,(anonymous_0)
FNDA:2,(anonymous_1)
DA:3,2
DA:5,2
DA:7,3
DA:11,2
DA:12,1
DA:16,1
LF:6
LH:6
BRDA:11,0,0,1
BRDA:11,0,1,1
BRF:2
BRH:2
end_of_record
TN:
SF:src\dominio\usuario\modelo\usuario.ts
FN:9,(anonymous_2)
FN:16,(anonymous_3)
FN:24,(anonymous_4)
FN:28,(anonymous_5)
FN:32,(anonymous_6)
FNF:5
FNH:5
FNDA:6,(anonymous_2)
FNDA:6,(anonymous_3)
FNDA:6,(anonymous_4)
FNDA:1,(anonymous_5)
FNDA:1,(anonymous_6)
DA:1,3
DA:3,3
DA:4,3
DA:5,6
DA:6,6
DA:7,6
DA:10,6
DA:11,4
DA:12,4
DA:13,4
DA:17,6
DA:18,2
DA:25,6
DA:29,1
DA:33,1
LF:15
LH:15
BRDA:17,0,0,2
BRDA:17,0,1,4
BRF:2
BRH:2
end_of_record
TN:
SF:src\dominio\usuario\puerto\dao\dao-usuario.ts
FNF:0
FNH:0
DA:3,1
LF:1
LH:1
BRF:0
BRH:0
end_of_record
TN:
SF:src\dominio\usuario\puerto\repositorio\repositorio-usuario.ts
FNF:0
FNH:0
DA:3,1
LF:1
LH:1
BRF:0
BRH:0
end_of_record
TN:
SF:src\dominio\usuario\servicio\servicio-registrar-usuario.ts
FN:7,(anonymous_0)
FN:10,(anonymous_1)
FNF:2
FNH:2
FNDA:3,(anonymous_0)
FNDA:3,(anonymous_1)
DA:3,2
DA:5,2
DA:7,3
DA:11,3
DA:12,2
DA:16,1
LF:6
LH:6
BRDA:11,0,0,2
BRDA:11,0,1,1
BRF:2
BRH:2
end_of_record
TN:
SF:src\infraestructura\cliente\controlador\cliente.controlador.ts
FN:9,(anonymous_4)
FN:16,(anonymous_5)
FN:21,(anonymous_6)
FNF:3
FNH:3
FNDA:1,(anonymous_4)
FNDA:2,(anonymous_5)
FNDA:1,(anonymous_6)
DA:1,1
DA:2,1
DA:3,1
DA:4,1
DA:8,1
DA:10,1
DA:11,1
DA:16,1
DA:17,2
DA:21,1
DA:22,1
LF:11
LH:11
BRF:0
BRH:0
end_of_record
TN:
SF:src\infraestructura\cliente\proveedor\servicio\servicio-registrar-cliente.proveedor.ts
FN:4,servicioRegistrarClienteProveedor
FNF:1
FNH:1
FNDA:1,servicioRegistrarClienteProveedor
DA:2,1
DA:4,1
DA:5,1
LF:3
LH:3
BRF:0
BRH:0
end_of_record
TN:
SF:src\infraestructura\configuracion\ceiba-logger.service.ts
FN:6,(anonymous_1)
FNF:1
FNH:0
FNDA:0,(anonymous_1)
DA:1,4
DA:4,4
DA:7,0
LF:3
LH:2
BRF:0
BRH:0
end_of_record
TN:
SF:src\infraestructura\excepciones\filtro-excepciones-negocio.ts
FN:10,(anonymous_2)
FN:14,(anonymous_3)
FNF:2
FNH:2
FNDA:4,(anonymous_2)
FNDA:3,(anonymous_3)
DA:1,4
DA:3,4
DA:5,4
DA:8,4
DA:10,4
DA:11,4
DA:15,3
DA:16,3
DA:17,3
DA:19,3
DA:21,3
DA:28,3
DA:29,3
LF:13
LH:13
BRF:0
BRH:0
end_of_record
TN:
SF:src\infraestructura\pedido-producto\controlador\pedido-producto.controlador.ts
FN:9,(anonymous_4)
FN:16,(anonymous_5)
FN:21,(anonymous_6)
FNF:3
FNH:1
FNDA:1,(anonymous_4)
FNDA:0,(anonymous_5)
FNDA:0,(anonymous_6)
DA:1,1
DA:2,1
DA:3,1
DA:4,1
DA:8,1
DA:10,1
DA:11,1
DA:16,1
DA:17,0
DA:21,1
DA:22,0
LF:11
LH:9
BRF:0
BRH:0
end_of_record
TN:
SF:src\infraestructura\pedido-producto\proveedor\servicio\servicio-registrar-pedido-producto.proveedor.ts
FN:4,servicioRegistrarPedidoProductoProveedor
FNF:1
FNH:1
FNDA:1,servicioRegistrarPedidoProductoProveedor
DA:2,1
DA:4,1
DA:5,1
LF:3
LH:3
BRF:0
BRH:0
end_of_record
TN:
SF:src\infraestructura\pedido\controlador\pedido.controlador.ts
FN:20,(anonymous_4)
FN:28,(anonymous_5)
FN:58,(anonymous_6)
FN:99,(anonymous_7)
FNF:4
FNH:4
FNDA:1,(anonymous_4)
FNDA:1,(anonymous_5)
FNDA:1,(anonymous_6)
FNDA:1,(anonymous_7)
DA:1,1
DA:11,1
DA:12,1
DA:13,1
DA:14,1
DA:15,1
DA:19,1
DA:21,1
DA:22,1
DA:23,1
DA:28,1
DA:33,1
DA:37,1
DA:38,1
DA:42,1
DA:43,1
DA:44,1
DA:45,1
DA:46,1
DA:47,1
DA:48,1
DA:51,1
DA:53,1
DA:58,1
DA:63,1
DA:65,1
DA:67,1
DA:70,1
DA:75,1
DA:77,1
DA:78,1
DA:82,1
DA:84,1
DA:85,1
DA:86,1
DA:87,1
DA:88,1
DA:89,1
DA:91,1
DA:95,1
DA:99,1
DA:101,1
DA:102,1
LF:43
LH:43
BRDA:65,0,0,1
BRDA:65,0,1,0
BRDA:75,1,0,1
BRDA:75,1,1,0
BRF:4
BRH:2
end_of_record
TN:
SF:src\infraestructura\pedido\proveedor\servicio\servicio-registrar-pedido.proveedor.ts
FN:4,servicioRegistrarPedidoProveedor
FNF:1
FNH:1
FNDA:1,servicioRegistrarPedidoProveedor
DA:2,1
DA:4,1
DA:5,1
LF:3
LH:3
BRF:0
BRH:0
end_of_record
TN:
SF:src\infraestructura\producto\controlador\producto.controlador.ts
FN:7,(anonymous_2)
FN:12,(anonymous_3)
FN:17,(anonymous_4)
FNF:3
FNH:3
FNDA:1,(anonymous_2)
FNDA:1,(anonymous_3)
FNDA:1,(anonymous_4)
DA:1,1
DA:2,1
DA:6,1
DA:8,1
DA:12,1
DA:13,1
DA:17,1
DA:18,1
LF:8
LH:8
BRF:0
BRH:0
end_of_record
TN:
SF:src\infraestructura\producto\proveedor\servicio\servicio-registrar-producto.proveedor.ts
FN:4,servicioRegistrarProductoProveedor
FNF:1
FNH:1
FNDA:1,servicioRegistrarProductoProveedor
DA:2,1
DA:4,1
DA:5,1
LF:3
LH:3
BRF:0
BRH:0
end_of_record
TN:
SF:src\infraestructura\usuario\controlador\usuario.controlador.ts
FN:9,(anonymous_4)
FN:16,(anonymous_5)
FN:21,(anonymous_6)
FNF:3
FNH:3
FNDA:1,(anonymous_4)
FNDA:2,(anonymous_5)
FNDA:1,(anonymous_6)
DA:1,1
DA:2,1
DA:3,1
DA:4,1
DA:8,1
DA:10,1
DA:11,1
DA:16,1
DA:17,2
DA:21,1
DA:22,1
LF:11
LH:11
BRF:0
BRH:0
end_of_record
TN:
SF:src\infraestructura\usuario\proveedor\servicio\servicio-registrar-usuario.proveedor.ts
FN:4,servicioRegistrarUsuarioProveedor
FNF:1
FNH:1
FNDA:1,servicioRegistrarUsuarioProveedor
DA:2,1
DA:4,1
DA:5,1
LF:3
LH:3
BRF:0
BRH:0
end_of_record
TN:
SF:test\util\create-object.stub.ts
FN:14,createStubObj
FN:22,(anonymous_1)
FNF:2
FNH:2
FNDA:20,createStubObj
FNDA:38,(anonymous_1)
DA:1,9
DA:14,9
DA:16,20
DA:17,10
DA:19,10
DA:21,20
DA:22,38
DA:23,20
LF:8
LH:8
BRDA:16,0,0,10
BRDA:16,0,1,10
BRF:2
BRH:2
end_of_record
